0 0 r 2 0 1 
0 0 g 2 0 1 
0 0 b 2 0 1 
0 1 r 2 1 1 
0 1 g 2 0 2 
0 1 b 2 0 2 
0 2 r 2 0 2 
0 2 g 2 1 2 
0 2 b 2 0 3 
1 0 r 2 0 3 
1 0 g 2 0 3 
1 0 b 2 1 3 
1 2 r 2 0 4 
1 2 g 2 0 4 
1 2 b 2 0 4 
2 0 r 2 1 4 
2 0 g 2 0 5 
2 0 b 2 0 5 
2 1 r 2 0 5 
2 1 g 2 1 5 
2 1 b 2 0 6 
2 2 r 2 0 6 
2 2 g 2 0 6 
2 2 b 2 0 7 
0 3 r 2 0 7 
0 3 g 2 0 7 
0 3 b 2 1 7 
0 4 r 2 0 8 
0 4 g 2 0 8 
0 4 b 2 0 8 
0 5 r 2 1 8 
0 5 g 2 0 9 
0 5 b 2 0 9 
1 3 r 2 0 9 
1 3 g 2 1 9 
1 3 b 2 0 10 
1 5 r 2 0 10 
1 5 g 2 0 10 
1 5 b 2 1 10 
2 3 r 2 0 11 
2 3 g 2 0 11 
2 3 b 2 0 11 
2 4 r 2 1 11 
2 4 g 2 0 12 
2 4 b 2 0 12 
2 5 r 2 0 12 
2 5 g 2 0 13 
2 5 b 2 0 13 
0 6 r 3 0 13 
0 6 g 2 0 14 
0 6 b 2 0 14 
0 7 r 2 0 14 
0 7 g 2 1 14 
0 7 b 2 0 15 
0 8 r 2 0 15 
0 8 g 2 0 15 
0 8 b 2 1 15 
1 6 r 2 0 16 
1 6 g 2 0 16 
1 6 b 2 0 16 
1 8 r 2 1 16 
1 8 g 2 0 17 
1 8 b 2 0 17 
2 6 r 2 0 17 
2 6 g 2 1 17 
2 6 b 2 0 18 
2 7 r 2 0 18 
2 7 g 2 0 18 
2 7 b 2 0 19 
2 8 r 2 0 19 
2 8 g 2 0 19 
2 8 b 2 1 19 
0 9 r 2 0 20 
0 9 g 2 0 20 
0 9 b 2 0 20 
0 10 r 2 1 20 
0 10 g 2 0 21 
0 10 b 2 0 21 
0 11 r 2 0 21 
0 11 g 2 1 21 
0 11 b 2 0 22 
1 9 r 2 0 22 
1 9 g 2 0 22 
1 9 b 2 0 23 
1 11 r 2 0 23 
1 11 g 2 0 23 
1 11 b 2 1 23 
2 9 r 2 0 24 
2 9 g 2 0 24 
2 9 b 2 0 24 
2 10 r 2 1 24 
2 10 g 2 0 25 
2 10 b 2 0 25 
2 11 r 2 0 25 
2 11 g 2 1 25 
2 11 b 2 0 26 
0 12 r 2 0 26 
0 12 g 2 0 26 
0 12 b 2 1 26 
0 13 r 2 0 27 
0 13 g 2 0 27 
0 13 b 2 0 27 
0 14 r 2 0 28 
0 14 g 2 0 28 
0 14 b 2 0 28 
1 12 r 2 0 29 
1 12 g 2 0 29 
1 12 b 2 0 29 
1 14 r 2 1 29 
1 14 g 2 0 30 
1 14 b 2 0 30 
2 12 r 2 0 30 
2 12 g 2 1 30 
2 12 b 2 0 31 
2 13 r 2 0 31 
2 13 g 2 0 31 
2 13 b 2 1 31 
2 14 r 2 0 32 
2 14 g 2 0 32 
2 14 b 2 0 32 
0 15 r 2 1 32 
0 15 g 2 0 33 
0 15 b 2 0 33 
0 16 r 2 0 33 
0 16 g 2 1 33 
0 16 b 2 0 34 
0 17 r 2 0 34 
0 17 g 2 0 34 
0 17 b 2 1 34 
1 15 r 2 0 35 
1 15 g 2 0 35 
1 15 b 2 0 35 
1 17 r 2 1 35 
1 17 g 2 0 36 
1 17 b 2 0 36 
2 15 r 2 0 36 
2 15 g 2 1 36 
2 15 b 2 0 37 
2 16 r 2 0 37 
2 16 g 2 0 37 
2 16 b 2 1 37 
2 17 r 2 0 38 
2 17 g 2 0 38 
2 17 b 2 0 38 
0 18 r 2 1 38 
0 18 g 2 0 39 
0 18 b 2 0 39 
0 19 r 2 0 39 
0 19 g 2 1 39 
0 19 b 2 0 40 
0 20 r 2 0 40 
0 20 g 2 0 40 
0 20 b 2 0 41 
1 18 r 2 0 41 
1 18 g 2 0 41 
1 18 b 2 1 41 
1 20 r 2 0 42 
1 20 g 2 0 42 
1 20 b 2 0 42 
2 18 r 2 1 42 
2 18 g 2 0 43 
2 18 b 2 0 43 
2 19 r 2 0 43 
2 19 g 2 1 43 
2 19 b 2 0 44 
2 20 r 2 0 44 
2 20 g 2 0 44 
2 20 b 2 1 44 
0 21 r 2 0 45 
0 21 g 2 0 45 
0 21 b 2 0 45 
0 22 r 2 1 45 
0 22 g 2 0 46 
0 22 b 2 0 46 
0 23 r 2 0 46 
0 23 g 2 1 46 
0 23 b 2 0 47 
1 21 r 2 0 47 
1 21 g 2 0 47 
1 21 b 2 1 47 
1 23 r 2 0 48 
1 23 g 2 0 48 
1 23 b 2 0 48 
2 21 r 2 1 48 
2 21 g 2 0 49 
2 21 b 2 0 49 
2 22 r 2 0 49 
2 22 g 2 1 49 
2 22 b 2 0 50 
2 23 r 2 0 50 
2 23 g 2 0 50 
2 23 b 2 1 50 
0 24 r 2 0 51 
0 24 g 2 0 51 
0 24 b 2 0 51 
0 25 r 2 0 52 
0 25 g 2 0 52 
0 25 b 2 0 52 
0 26 r 2 1 52 
0 26 g 2 0 53 
0 26 b 2 0 53 
1 24 r 2 0 53 
1 24 g 2 1 53 
1 24 b 2 0 54 
1 26 r 2 0 54 
1 26 g 2 0 54 
1 26 b 2 1 54 
2 24 r 2 0 55 
2 24 g 2 0 55 
2 24 b 2 0 55 
2 25 r 2 1 55 
2 25 g 2 0 56 
2 25 b 2 0 56 
2 26 r 2 0 56 
2 26 g 2 0 57 
2 26 b 2 0 57 
0 27 r 2 0 57 
0 27 g 2 0 58 
0 27 b 2 0 58 
0 28 r 2 0 58 
0 28 g 2 1 58 
0 28 b 2 0 59 
0 29 r 2 0 59 
0 29 g 2 0 59 
0 29 b 2 1 59 
1 27 r 2 0 60 
1 27 g 2 0 60 
1 27 b 2 0 60 
1 29 r 2 1 60 
1 29 g 2 0 61 
1 29 b 2 0 61 
2 27 r 2 0 61 
2 27 g 2 1 61 
2 27 b 2 0 62 
2 28 r 2 0 62 
2 28 g 2 0 62 
2 28 b 2 1 62 
2 29 r 2 0 63 
2 29 g 2 0 63 
2 29 b 2 0 63 
0 30 r 2 0 64 
0 30 g 2 0 64 
0 30 b 2 0 64 
0 31 r 2 1 64 
0 31 g 2 0 65 
0 31 b 2 0 65 
0 32 r 2 0 65 
0 32 g 2 1 65 
0 32 b 2 0 66 
1 30 r 2 0 66 
1 30 g 2 0 66 
1 30 b 2 1 66 
1 32 r 2 0 67 
1 32 g 2 0 67 
1 32 b 2 0 67 
2 30 r 2 1 67 
2 30 g 2 0 68 
2 30 b 2 0 68 
2 31 r 2 0 68 
2 31 g 2 1 68 
2 31 b 2 0 69 
2 32 r 2 0 69 
2 32 g 2 0 69 
2 32 b 2 1 69 
0 33 r 2 0 70 
0 33 g 2 0 70 
0 33 b 2 0 70 
0 34 r 2 0 71 
0 34 g 2 0 71 
0 34 b 2 0 71 
0 35 r 2 1 71 
0 35 g 2 0 72 
0 35 b 2 0 72 
1 33 r 2 0 72 
1 33 g 2 1 72 
1 33 b 2 0 73 
1 35 r 2 0 73 
1 35 g 2 0 73 
1 35 b 2 1 73 
2 33 r 2 0 74 
2 33 g 2 0 74 
2 33 b 2 0 74 
2 34 r 2 1 74 
2 34 g 2 0 75 
2 34 b 2 0 75 
2 35 r 2 0 75 
2 35 g 2 1 75 
2 35 b 2 0 76 
0 36 r 2 0 76 
0 36 g 2 0 76 
0 36 b 2 0 77 
0 37 r 2 0 77 
0 37 g 2 0 77 
0 37 b 2 1 77 
0 38 r 2 0 78 
0 38 g 2 0 78 
0 38 b 2 0 78 
1 36 r 2 1 78 
1 36 g 2 0 79 
1 36 b 2 0 79 
1 38 r 2 0 79 
1 38 g 2 1 79 
1 38 b 2 0 80 
2 36 r 2 0 80 
2 36 g 2 0 80 
2 36 b 2 0 81 
2 37 r 2 0 81 
2 37 g 2 0 81 
2 37 b 2 1 81 
2 38 r 2 0 82 
2 38 g 2 0 82 
2 38 b 2 0 82 
0 39 r 2 1 82 
0 39 g 2 0 83 
0 39 b 2 0 83 
0 40 r 2 0 83 
0 40 g 2 1 83 
0 40 b 2 0 84 
0 41 r 2 0 84 
0 41 g 2 0 84 
0 41 b 2 1 84 
1 39 r 2 0 85 
1 39 g 2 0 85 
1 39 b 2 0 85 
1 41 r 2 1 85 
1 41 g 2 0 86 
1 41 b 2 0 86 
2 39 r 2 0 86 
2 39 g 2 1 86 
2 39 b 2 0 87 
2 40 r 2 0 87 
2 40 g 2 0 87 
2 40 b 2 0 88 
2 41 r 2 0 88 
2 41 g 2 0 88 
2 41 b 2 1 88 
0 42 r 2 0 89 
0 42 g 2 0 89 
0 42 b 2 0 89 
0 43 r 2 1 89 
0 43 g 2 0 90 
0 43 b 2 0 90 
0 44 r 2 0 90 
0 44 g 2 1 90 
0 44 b 2 0 91 
1 42 r 2 0 91 
1 42 g 2 0 91 
1 42 b 2 1 91 
1 44 r 2 0 92 
1 44 g 2 0 92 
1 44 b 2 0 92 
2 42 r 2 1 92 
2 42 g 2 0 93 
2 42 b 2 0 93 
2 43 r 2 0 93 
2 43 g 2 1 93 
2 43 b 2 0 94 
2 44 r 2 0 94 
2 44 g 2 0 94 
2 44 b 2 1 94 
0 45 r 2 0 95 
0 45 g 2 0 95 
0 45 b 2 0 95 
0 46 r 2 1 95 
0 46 g 2 0 96 
0 46 b 2 0 96 
0 47 r 2 0 96 
0 47 g 2 0 97 
0 47 b 2 0 97 
1 45 r 2 0 97 
1 45 g 2 0 98 
1 45 b 2 0 98 
1 47 r 2 0 98 
1 47 g 2 1 98 
1 47 b 2 0 99 
2 45 r 2 0 99 
2 45 g 2 0 99 
2 45 b 2 1 99 
2 46 r 2 0 100 
2 46 g 2 0 100 
2 46 b 2 0 100 
2 47 r 2 1 100 
2 47 g 2 0 101 
2 47 b 2 0 101 
0 48 r 2 0 101 
0 48 g 2 0 102 
0 48 b 2 0 102 
0 49 r 2 0 102 
0 49 g 2 1 102 
0 49 b 2 0 103 
0 50 r 2 0 103 
0 50 g 2 0 103 
0 50 b 2 1 103 
1 48 r 2 0 104 
1 48 g 2 0 104 
1 48 b 2 0 104 
1 50 r 2 1 104 
1 50 g 2 0 105 
1 50 b 2 0 105 
2 48 r 2 0 105 
2 48 g 2 0 106 
2 48 b 2 0 106 
2 49 r 2 0 106 
2 49 g 2 1 106 
2 49 b 2 0 107 
2 50 r 2 0 107 
2 50 g 2 0 107 
2 50 b 2 1 107 
0 51 r 2 0 108 
0 51 g 2 0 108 
0 51 b 2 0 108 
0 52 r 2 1 108 
0 52 g 2 0 109 
0 52 b 2 0 109 
0 53 r 2 0 109 
0 53 g 2 1 109 
0 53 b 2 0 110 
1 51 r 4 0 110 
1 51 g 4 3 110 
1 51 b 2 0 111 
1 53 r 2 0 111 
1 53 g 2 0 111 
1 53 b 2 1 111 
2 51 r 2 0 112 
2 51 g 2 0 112 
2 51 b 2 0 112 
2 52 r 2 1 112 
2 52 g 2 0 113 
2 52 b 2 0 113 
2 53 r 2 0 113 
2 53 g 2 1 113 
2 53 b 2 0 114 
0 54 r 2 0 114 
0 54 g 2 0 114 
0 54 b 2 1 114 
0 55 r 2 0 115 
0 55 g 2 0 115 
0 55 b 2 0 115 
0 56 r 2 1 115 
0 56 g 2 0 116 
0 56 b 2 0 116 
1 54 r 2 0 116 
1 54 g 2 1 116 
1 54 b 2 0 117 
1 56 r 2 0 117 
1 56 g 2 0 117 
1 56 b 2 0 118 
2 54 r 2 0 118 
2 54 g 2 0 118 
2 54 b 2 1 118 
2 55 r 2 0 119 
2 55 g 2 0 119 
2 55 b 2 0 119 
2 56 r 2 1 119 
2 56 g 2 0 120 
2 56 b 2 0 120 
0 57 r 2 0 120 
0 57 g 2 1 120 
0 57 b 2 0 121 
0 58 r 2 0 121 
0 58 g 2 0 121 
0 58 b 2 1 121 
0 59 r 2 0 122 
0 59 g 2 0 122 
0 59 b 2 0 122 
1 57 r 2 0 123 
1 57 g 2 0 123 
1 57 b 2 0 123 
1 59 r 2 0 124 
1 59 g 2 0 124 
1 59 b 2 0 124 
2 57 r 2 1 124 
2 57 g 2 0 125 
2 57 b 2 0 125 
2 58 r 2 0 125 
2 58 g 2 1 125 
2 58 b 2 0 126 
2 59 r 2 0 126 
2 59 g 2 0 126 
2 59 b 2 0 127 
0 60 r 2 0 127 
0 60 g 2 0 127 
0 60 b 2 1 127 
0 61 r 2 0 128 
0 61 g 2 0 128 
0 61 b 2 0 128 
0 62 r 2 1 128 
0 62 g 2 0 129 
0 62 b 2 0 129 
1 60 r 2 0 129 
1 60 g 2 1 129 
1 60 b 2 0 130 
1 62 r 2 0 130 
1 62 g 2 0 130 
1 62 b 2 1 130 
2 60 r 2 0 131 
2 60 g 2 0 131 
2 60 b 2 0 131 
2 61 r 2 1 131 
2 61 g 2 0 132 
2 61 b 2 0 132 
2 62 r 2 0 132 
2 62 g 2 1 132 
2 62 b 2 0 133 
0 63 r 2 0 133 
0 63 g 2 0 133 
0 63 b 2 1 133 
0 64 r 2 0 134 
0 64 g 2 0 134 
0 64 b 2 0 134 
0 65 r 2 1 134 
0 65 g 2 0 135 
0 65 b 2 0 135 
1 63 r 2 0 135 
1 63 g 2 0 136 
1 63 b 2 0 136 
1 65 r 2 0 136 
1 65 g 2 1 136 
1 65 b 2 0 137 
2 63 r 2 0 137 
2 63 g 2 0 137 
2 63 b 2 1 137 
2 64 r 2 0 138 
2 64 g 2 0 138 
2 64 b 2 0 138 
2 65 r 2 1 138 
2 65 g 2 0 139 
2 65 b 2 0 139 
0 66 r 2 0 139 
0 66 g 2 1 139 
0 66 b 2 0 140 
0 67 r 2 0 140 
0 67 g 2 0 140 
0 67 b 2 1 140 
0 68 r 2 0 141 
0 68 g 2 0 141 
0 68 b 2 0 141 
1 66 r 2 0 142 
1 66 g 2 0 142 
1 66 b 2 0 142 
1 68 r 2 0 143 
1 68 g 2 0 143 
1 68 b 2 0 143 
2 66 r 2 1 143 
2 66 g 2 0 144 
2 66 b 2 0 144 
2 67 r 2 0 144 
2 67 g 2 1 144 
2 67 b 2 0 145 
2 68 r 2 0 145 
2 68 g 2 0 145 
2 68 b 2 1 145 
0 69 r 2 0 146 
0 69 g 2 0 146 
0 69 b 2 0 146 
0 70 r 2 1 146 
0 70 g 2 0 147 
0 70 b 2 0 147 
0 71 r 2 0 147 
0 71 g 2 1 147 
0 71 b 2 0 148 
1 69 r 2 0 148 
1 69 g 2 0 148 
1 69 b 2 1 148 
1 71 r 2 0 149 
1 71 g 2 0 149 
1 71 b 2 0 149 
2 69 r 2 0 150 
2 69 g 2 0 150 
2 69 b 2 0 150 
2 70 r 2 1 150 
2 70 g 2 0 151 
2 70 b 2 0 151 
2 71 r 2 0 151 
2 71 g 2 1 151 
2 71 b 2 0 152 
0 72 r 2 0 152 
0 72 g 2 0 152 
0 72 b 2 1 152 
0 73 r 2 0 153 
0 73 g 2 0 153 
0 73 b 2 0 153 
0 74 r 2 1 153 
0 74 g 2 0 154 
0 74 b 2 0 154 
1 72 r 2 0 154 
1 72 g 2 1 154 
1 72 b 2 0 155 
1 74 r 2 0 155 
1 74 g 2 0 155 
1 74 b 2 1 155 
2 72 r 2 0 156 
2 72 g 2 0 156 
2 72 b 2 0 156 
2 73 r 2 1 156 
2 73 g 2 0 157 
2 73 b 2 0 157 
2 74 r 2 0 157 
2 74 g 2 0 158 
2 74 b 2 0 158 
0 75 r 2 0 158 
0 75 g 2 0 159 
0 75 b 2 0 159 
0 76 r 2 0 159 
0 76 g 2 1 159 
0 76 b 2 0 160 
0 77 r 2 0 160 
0 77 g 2 0 160 
0 77 b 2 1 160 
1 75 r 2 0 161 
1 75 g 2 0 161 
1 75 b 2 0 161 
1 77 r 2 0 162 
1 77 g 2 0 162 
1 77 b 2 0 162 
2 75 r 2 1 162 
2 75 g 2 0 163 
2 75 b 2 0 163 
2 76 r 2 0 163 
2 76 g 2 1 163 
2 76 b 2 0 164 
2 77 r 2 0 164 
2 77 g 2 0 164 
2 77 b 2 1 164 
0 78 r 2 0 165 
0 78 g 2 0 165 
0 78 b 2 0 165 
0 79 r 2 0 166 
0 79 g 2 0 166 
0 79 b 2 0 166 
0 80 r 2 1 166 
0 80 g 2 0 167 
0 80 b 2 0 167 
1 78 r 2 0 167 
1 78 g 2 1 167 
1 78 b 2 0 168 
1 80 r 2 0 168 
1 80 g 2 0 168 
1 80 b 2 1 168 
2 78 r 2 0 169 
2 78 g 2 0 169 
2 78 b 2 0 169 
2 79 r 2 1 169 
2 79 g 2 0 170 
2 79 b 2 0 170 
2 80 r 2 0 170 
2 80 g 2 1 170 
2 80 b 2 0 171 
0 81 r 2 0 171 
0 81 g 2 0 171 
0 81 b 2 1 171 
0 82 r 2 0 172 
0 82 g 2 0 172 
0 82 b 2 0 172 
0 83 r 2 1 172 
0 83 g 2 0 173 
0 83 b 2 0 173 
1 81 r 2 0 173 
1 81 g 2 1 173 
1 81 b 2 0 174 
1 83 r 2 0 174 
1 83 g 2 0 174 
1 83 b 2 0 175 
2 81 r 2 0 175 
2 81 g 2 0 175 
2 81 b 2 1 175 
2 82 r 2 0 176 
2 82 g 2 0 176 
2 82 b 2 0 176 
2 83 r 2 1 176 
2 83 g 2 0 177 
2 83 b 2 0 177 
0 84 r 2 0 177 
0 84 g 2 1 177 
0 84 b 2 0 178 
0 85 r 2 0 178 
0 85 g 2 0 178 
0 85 b 2 1 178 
0 86 r 2 0 179 
0 86 g 2 0 179 
0 86 b 2 0 179 
1 84 r 2 1 179 
1 84 g 2 0 180 
1 84 b 2 0 180 
1 86 r 2 0 180 
1 86 g 2 1 180 
1 86 b 2 0 181 
2 84 r 2 0 181 
2 84 g 2 0 181 
2 84 b 2 1 181 
2 85 r 2 0 182 
2 85 g 2 0 182 
2 85 b 2 0 182 
2 86 r 2 1 182 
2 86 g 2 0 183 
2 86 b 2 0 183 
0 87 r 2 0 183 
0 87 g 2 1 183 
0 87 b 2 0 184 
0 88 r 2 0 184 
0 88 g 2 0 184 
0 88 b 2 0 185 
0 89 r 2 0 185 
0 89 g 2 0 185 
0 89 b 2 0 186 
1 87 r 2 0 186 
1 87 g 2 0 186 
1 87 b 2 1 186 
1 89 r 2 0 187 
1 89 g 2 0 187 
1 89 b 2 0 187 
2 87 r 2 1 187 
2 87 g 2 0 188 
2 87 b 2 0 188 
2 88 r 2 0 188 
2 88 g 2 1 188 
2 88 b 2 0 189 
2 89 r 2 0 189 
2 89 g 2 0 189 
2 89 b 2 1 189 
0 90 r 2 0 190 
0 90 g 2 0 190 
0 90 b 2 0 190 
0 91 r 2 1 190 
0 91 g 2 0 191 
0 91 b 2 0 191 
0 92 r 2 0 191 
0 92 g 2 1 191 
0 92 b 2 0 192 
1 90 r 2 0 192 
1 90 g 2 0 192 
1 90 b 2 0 193 
1 92 r 2 0 193 
1 92 g 2 0 193 
1 92 b 2 1 193 
2 90 r 2 0 194 
2 90 g 2 0 194 
2 90 b 2 0 194 
2 91 r 2 1 194 
2 91 g 2 0 195 
2 91 b 2 0 195 
2 92 r 2 0 195 
2 92 g 2 1 195 
2 92 b 2 0 196 
0 93 r 2 0 196 
0 93 g 2 0 196 
0 93 b 2 1 196 
0 94 r 2 0 197 
0 94 g 2 0 197 
0 94 b 2 0 197 
0 95 r 2 1 197 
0 95 g 2 0 198 
0 95 b 2 0 198 
1 93 r 2 0 198 
1 93 g 2 1 198 
1 93 b 2 0 199 
1 95 r 2 0 199 
1 95 g 2 0 199 
1 95 b 2 0 200 
2 93 r 2 0 200 
2 93 g 2 0 200 
2 93 b 2 1 200 
2 94 r 2 0 201 
2 94 g 2 0 201 
2 94 b 2 0 201 
2 95 r 2 1 201 
2 95 g 2 0 202 
2 95 b 2 0 202 
0 96 r 2 0 202 
0 96 g 2 1 202 
0 96 b 2 0 203 
0 97 r 2 0 203 
0 97 g 2 0 203 
0 97 b 2 1 203 
0 98 r 2 0 204 
0 98 g 2 0 204 
0 98 b 2 0 204 
1 96 r 2 1 204 
1 96 g 2 0 205 
1 96 b 2 0 205 
1 98 r 2 0 205 
1 98 g 2 1 205 
1 98 b 2 0 206 
2 96 r 2 0 206 
2 96 g 2 0 206 
2 96 b 2 0 207 
2 97 r 2 0 207 
2 97 g 2 0 207 
2 97 b 2 1 207 
2 98 r 2 0 208 
2 98 g 2 0 208 
2 98 b 2 0 208 
0 99 r 2 1 208 
0 99 g 2 0 209 
0 99 b 2 0 209 
0 100 r 2 0 209 
0 100 g 2 1 209 
0 100 b 2 0 210 
0 101 r 2 0 210 
0 101 g 2 0 210 
0 101 b 2 1 210 
1 99 r 2 0 211 
1 99 g 2 0 211 
1 99 b 2 0 211 
1 101 r 2 1 211 
1 101 g 2 0 212 
1 101 b 2 0 212 
2 99 r 2 0 212 
2 99 g 2 1 212 
2 99 b 2 0 213 
2 100 r 2 0 213 
2 100 g 2 0 213 
2 100 b 2 0 214 
2 101 r 2 0 214 
2 101 g 2 0 214 
2 101 b 2 0 215 
0 102 r 2 0 215 
0 102 g 2 0 215 
0 102 b 2 1 215 
0 103 r 2 0 216 
0 103 g 2 0 216 
0 103 b 2 0 216 
0 104 r 2 1 216 
0 104 g 2 0 217 
0 104 b 2 0 217 
1 102 r 2 0 217 
1 102 g 2 0 218 
1 102 b 2 0 218 
1 104 r 2 0 218 
1 104 g 2 1 218 
1 104 b 2 0 219 
2 102 r 2 0 219 
2 102 g 2 0 219 
2 102 b 2 1 219 
2 103 r 2 0 220 
2 103 g 2 0 220 
2 103 b 2 0 220 
2 104 r 2 1 220 
2 104 g 2 0 221 
2 104 b 2 0 221 
0 105 r 2 0 221 
0 105 g 2 1 221 
0 105 b 2 0 222 
0 106 r 2 0 222 
0 106 g 2 0 222 
0 106 b 2 1 222 
0 107 r 2 0 223 
0 107 g 2 0 223 
0 107 b 2 0 223 
1 105 r 3 2 223 
1 105 g 4 0 224 
1 105 b 3 0 224 
1 107 r 2 0 225 
1 107 g 2 0 225 
1 107 b 2 0 225 
2 105 r 2 0 226 
2 105 g 2 0 226 
2 105 b 2 0 226 
2 106 r 2 1 226 
2 106 g 2 0 227 
2 106 b 2 0 227 
2 107 r 2 0 227 
2 107 g 2 1 227 
2 107 b 2 0 228 
0 108 r 2 0 228 
0 108 g 2 0 228 
0 108 b 2 1 228 
0 109 r 2 0 229 
0 109 g 2 0 229 
0 109 b 2 0 229 
0 110 r 2 1 229 
0 110 g 2 0 230 
0 110 b 2 0 230 
1 108 r 2 0 230 
1 108 g 2 1 230 
1 108 b 2 0 231 
1 110 r 2 0 231 
1 110 g 2 0 231 
1 110 b 2 0 232 
2 108 r 2 0 232 
2 108 g 2 0 232 
2 108 b 2 1 232 
2 109 r 2 0 233 
2 109 g 2 0 233 
2 109 b 2 0 233 
2 110 r 2 1 233 
2 110 g 2 0 234 
2 110 b 2 0 234 
0 111 r 2 0 234 
0 111 g 2 1 234 
0 111 b 2 0 235 
0 112 r 2 0 235 
0 112 g 2 0 235 
0 112 b 2 1 235 
0 113 r 2 0 236 
0 113 g 2 0 236 
0 113 b 2 0 236 
1 111 r 2 1 236 
1 111 g 2 0 237 
1 111 b 2 0 237 
1 113 r 2 0 237 
1 113 g 2 1 237 
1 113 b 2 0 238 
2 111 r 2 0 238 
2 111 g 2 0 238 
2 111 b 2 0 239 
2 112 r 2 0 239 
2 112 g 2 0 239 
2 112 b 2 1 239 
2 113 r 2 0 240 
2 113 g 2 0 240 
2 113 b 2 0 240 
0 114 r 2 1 240 
0 114 g 2 0 241 
0 114 b 2 0 241 
0 115 r 2 0 241 
0 115 g 2 0 242 
0 115 b 2 0 242 
0 116 r 2 0 242 
0 116 g 2 1 242 
0 116 b 2 0 243 
1 114 r 2 0 243 
1 114 g 2 0 243 
1 114 b 2 1 243 
1 116 r 2 0 244 
1 116 g 2 0 244 
1 116 b 2 0 244 
2 114 r 2 1 244 
2 114 g 2 0 245 
2 114 b 2 0 245 
2 115 r 2 0 245 
2 115 g 2 1 245 
2 115 b 2 0 246 
2 116 r 2 0 246 
2 116 g 2 0 246 
2 116 b 2 0 247 
0 117 r 2 0 247 
0 117 g 2 0 247 
0 117 b 2 0 248 
0 118 r 2 0 248 
0 118 g 2 0 248 
0 118 b 2 1 248 
0 119 r 2 0 249 
0 119 g 2 0 249 
0 119 b 2 0 249 
1 117 r 2 1 249 
1 117 g 2 0 250 
1 117 b 2 0 250 
1 119 r 2 0 250 
1 119 g 2 1 250 
1 119 b 2 0 251 
2 117 r 2 0 251 
2 117 g 2 0 251 
2 117 b 2 1 251 
2 118 r 2 0 252 
2 118 g 2 0 252 
2 118 b 2 0 252 
2 119 r 2 1 252 
2 119 g 2 0 253 
2 119 b 2 0 253 
0 120 r 2 0 253 
0 120 g 2 1 253 
0 120 b 2 0 254 
0 121 r 2 0 254 
0 121 g 2 0 254 
0 121 b 2 0 255 
0 122 r 2 0 255 
0 122 g 2 0 255 
0 122 b 2 1 255 
1 120 r 2 0 256 
1 120 g 2 0 256 
1 120 b 2 0 256 
1 122 r 2 1 256 
1 122 g 2 0 257 
1 122 b 2 0 257 
2 120 r 2 0 257 
2 120 g 2 1 257 
2 120 b 2 0 258 
2 121 r 2 0 258 
2 121 g 2 0 258 
2 121 b 2 0 259 
2 122 r 2 0 259 
2 122 g 2 0 259 
2 122 b 2 1 259 
0 123 r 2 0 260 
0 123 g 2 0 260 
0 123 b 2 0 260 
0 124 r 2 1 260 
0 124 g 2 0 261 
0 124 b 2 0 261 
0 125 r 2 0 261 
0 125 g 2 1 261 
0 125 b 2 0 262 
1 123 r 2 0 262 
1 123 g 2 0 262 
1 123 b 2 1 262 
1 125 r 2 0 263 
1 125 g 2 0 263 
1 125 b 2 0 263 
2 123 r 2 1 263 
2 123 g 2 0 264 
2 123 b 2 0 264 
2 124 r 2 0 264 
2 124 g 2 1 264 
2 124 b 2 0 265 
2 125 r 2 0 265 
2 125 g 2 0 265 
2 125 b 2 0 266 
0 126 r 2 0 266 
0 126 g 2 0 266 
0 126 b 2 1 266 
0 127 r 2 0 267 
0 127 g 2 0 267 
0 127 b 2 0 267 
0 128 r 3 2 267 
0 128 g 2 0 268 
0 128 b 2 0 268 
1 126 r 2 0 268 
1 126 g 2 1 268 
1 126 b 2 0 269 
1 128 r 2 0 269 
1 128 g 2 0 269 
1 128 b 2 0 270 
2 126 r 2 0 270 
2 126 g 2 0 270 
2 126 b 2 0 271 
2 127 r 2 0 271 
2 127 g 2 0 271 
2 127 b 2 1 271 
2 128 r 2 0 272 
2 128 g 2 0 272 
2 128 b 2 0 272 
0 129 r 2 1 272 
0 129 g 2 0 273 
0 129 b 2 0 273 
0 130 r 2 0 273 
0 130 g 2 0 274 
0 130 b 2 0 274 
0 131 r 2 0 274 
0 131 g 2 1 274 
0 131 b 2 0 275 
1 129 r 2 0 275 
1 129 g 2 0 275 
1 129 b 2 1 275 
1 131 r 2 0 276 
1 131 g 2 0 276 
1 131 b 2 0 276 
2 129 r 2 1 276 
2 129 g 2 0 277 
2 129 b 2 0 277 
2 130 r 2 0 277 
2 130 g 2 1 277 
2 130 b 2 0 278 
2 131 r 2 0 278 
2 131 g 2 0 278 
2 131 b 2 1 278 
0 132 r 2 0 279 
0 132 g 2 0 279 
0 132 b 2 0 279 
0 133 r 2 1 279 
0 133 g 2 0 280 
0 133 b 2 0 280 
0 134 r 2 0 280 
0 134 g 2 1 280 
0 134 b 2 0 281 
1 132 r 2 0 281 
1 132 g 2 0 281 
1 132 b 2 1 281 
1 134 r 2 0 282 
1 134 g 2 0 282 
1 134 b 2 0 282 
2 132 r 2 0 283 
2 132 g 2 0 283 
2 132 b 2 0 283 
2 133 r 2 0 284 
2 133 g 2 0 284 
2 133 b 2 0 284 
2 134 r 2 1 284 
2 134 g 2 0 285 
2 134 b 2 0 285 
0 135 r 2 0 285 
0 135 g 2 1 285 
0 135 b 2 0 286 
0 136 r 2 0 286 
0 136 g 2 0 286 
0 136 b 2 1 286 
0 137 r 2 0 287 
0 137 g 2 0 287 
0 137 b 2 0 287 
1 135 r 2 1 287 
1 135 g 2 0 288 
1 135 b 2 0 288 
1 137 r 2 0 288 
1 137 g 2 0 289 
1 137 b 2 0 289 
2 135 r 2 0 289 
2 135 g 2 1 289 
2 135 b 2 0 290 
2 136 r 2 0 290 
2 136 g 2 0 290 
2 136 b 2 1 290 
2 137 r 2 0 291 
2 137 g 2 0 291 
2 137 b 2 0 291 
0 138 r 2 1 291 
0 138 g 2 0 292 
0 138 b 2 0 292 
0 139 r 2 0 292 
0 139 g 2 0 293 
0 139 b 2 0 293 
0 140 r 2 0 293 
0 140 g 2 1 293 
0 140 b 2 0 294 
1 138 r 2 0 294 
1 138 g 2 0 294 
1 138 b 2 1 294 
1 140 r 2 0 295 
1 140 g 2 0 295 
1 140 b 2 0 295 
2 138 r 2 1 295 
2 138 g 2 0 296 
2 138 b 2 0 296 
2 139 r 2 0 296 
2 139 g 2 1 296 
2 139 b 2 0 297 
2 140 r 2 0 297 
2 140 g 2 0 297 
2 140 b 2 1 297 
0 141 r 2 0 298 
0 141 g 2 0 298 
0 141 b 2 0 298 
0 142 r 2 1 298 
0 142 g 2 0 299 
0 142 b 2 0 299 
0 143 r 2 0 299 
0 143 g 2 1 299 
0 143 b 2 0 300 
1 141 r 2 0 300 
1 141 g 2 0 300 
1 141 b 2 1 300 
1 143 r 2 0 301 
1 143 g 2 0 301 
1 143 b 2 0 301 
2 141 r 2 1 301 
2 141 g 2 0 302 
2 141 b 2 0 302 
2 142 r 2 0 302 
2 142 g 2 0 303 
2 142 b 2 0 303 
2 143 r 2 0 303 
2 143 g 2 1 303 
2 143 b 2 0 304 
0 144 r 2 0 304 
0 144 g 2 0 304 
0 144 b 2 1 304 
0 145 r 2 0 305 
0 145 g 2 0 305 
0 145 b 2 0 305 
0 146 r 2 1 305 
0 146 g 2 0 306 
0 146 b 2 0 306 
1 144 r 2 0 306 
1 144 g 2 1 306 
1 144 b 2 0 307 
1 146 r 2 0 307 
1 146 g 2 0 307 
1 146 b 2 1 307 
2 144 r 2 0 308 
2 144 g 2 0 308 
2 144 b 2 0 308 
2 145 r 2 1 308 
2 145 g 2 0 309 
2 145 b 2 0 309 
2 146 r 2 0 309 
2 146 g 2 1 309 
2 146 b 2 0 310 
0 147 r 2 0 310 
0 147 g 2 0 310 
0 147 b 2 1 310 
0 148 r 2 0 311 
0 148 g 2 0 311 
0 148 b 2 0 311 
0 149 r 2 1 311 
0 149 g 2 0 312 
0 149 b 2 0 312 
1 147 r 2 0 312 
1 147 g 2 0 313 
1 147 b 2 0 313 
1 149 r 2 0 313 
1 149 g 2 0 314 
1 149 b 2 0 314 
2 147 r 2 0 314 
2 147 g 2 1 314 
2 147 b 2 0 315 
2 148 r 2 0 315 
2 148 g 2 0 315 
2 148 b 2 1 315 
2 149 r 2 0 316 
2 149 g 2 0 316 
2 149 b 2 0 316 
0 150 r 2 0 317 
0 150 g 2 0 317 
0 150 b 2 0 317 
0 151 r 2 1 317 
0 151 g 2 0 318 
0 151 b 2 0 318 
0 152 r 2 0 318 
0 152 g 2 1 318 
0 152 b 2 0 319 
1 150 r 2 0 319 
1 150 g 2 0 319 
1 150 b 2 1 319 
1 152 r 3 0 320 
1 152 g 2 0 320 
1 152 b 4 3 320 
2 150 r 2 0 321 
2 150 g 3 0 321 
2 150 b 3 1 321 
2 151 r 2 0 322 
2 151 g 3 0 322 
2 151 b 4 2 322 
2 152 r 3 0 323 
2 152 g 3 0 323 
2 152 b 3 2 323 
0 153 r 2 0 324 
0 153 g 2 0 324 
0 153 b 2 0 324 
0 154 r 2 1 324 
0 154 g 2 0 325 
0 154 b 2 0 325 
0 155 r 2 0 325 
0 155 g 2 1 325 
0 155 b 2 0 326 
1 153 r 2 0 326 
1 153 g 2 0 326 
1 153 b 2 1 326 
1 155 r 2 0 327 
1 155 g 2 0 327 
1 155 b 2 0 327 
2 153 r 2 0 328 
2 153 g 2 0 328 
2 153 b 2 0 328 
2 154 r 2 1 328 
2 154 g 2 0 329 
2 154 b 2 0 329 
2 155 r 2 0 329 
2 155 g 2 1 329 
2 155 b 2 0 330 
0 156 r 2 0 330 
0 156 g 2 0 330 
0 156 b 2 1 330 
0 157 r 2 0 331 
0 157 g 2 0 331 
0 157 b 2 0 331 
0 158 r 2 1 331 
0 158 g 2 0 332 
0 158 b 2 0 332 
1 156 r 2 0 332 
1 156 g 2 0 333 
1 156 b 2 0 333 
1 158 r 2 0 333 
1 158 g 2 0 334 
1 158 b 2 0 334 
2 156 r 2 0 334 
2 156 g 2 1 334 
2 156 b 2 0 335 
2 157 r 2 0 335 
2 157 g 2 0 335 
2 157 b 2 0 336 
2 158 r 2 0 336 
2 158 g 2 0 336 
2 158 b 2 1 336 
0 159 r 2 0 337 
0 159 g 2 0 337 
0 159 b 2 0 337 
0 160 r 2 1 337 
0 160 g 2 0 338 
0 160 b 2 0 338 
0 161 r 2 0 338 
0 161 g 2 1 338 
0 161 b 2 0 339 
1 159 r 2 0 339 
1 159 g 2 0 339 
1 159 b 2 1 339 
1 161 r 2 0 340 
1 161 g 2 0 340 
1 161 b 2 0 340 
2 159 r 2 1 340 
2 159 g 2 0 341 
2 159 b 2 0 341 
2 160 r 2 0 341 
2 160 g 2 1 341 
2 160 b 2 0 342 
2 161 r 2 0 342 
2 161 g 2 0 342 
2 161 b 2 0 343 
0 162 r 2 0 343 
0 162 g 2 0 343 
0 162 b 2 1 343 
0 163 r 2 0 344 
0 163 g 2 0 344 
0 163 b 2 0 344 
0 164 r 2 1 344 
0 164 g 2 0 345 
0 164 b 2 0 345 
1 162 r 2 0 345 
1 162 g 2 1 345 
1 162 b 2 0 346 
1 164 r 2 0 346 
1 164 g 2 0 346 
1 164 b 2 1 346 
2 162 r 2 0 347 
2 162 g 2 0 347 
2 162 b 2 0 347 
2 163 r 2 0 348 
2 163 g 2 0 348 
2 163 b 2 0 348 
2 164 r 2 1 348 
2 164 g 2 0 349 
2 164 b 2 0 349 
0 165 r 2 0 349 
0 165 g 2 1 349 
0 165 b 2 0 350 
0 166 r 2 0 350 
0 166 g 2 0 350 
0 166 b 2 1 350 
0 167 r 2 0 351 
0 167 g 2 0 351 
0 167 b 2 0 351 
1 165 r 2 1 351 
1 165 g 2 0 352 
1 165 b 2 0 352 
1 167 r 2 0 352 
1 167 g 2 1 352 
1 167 b 2 0 353 
2 165 r 2 0 353 
2 165 g 2 0 353 
2 165 b 2 1 353 
2 166 r 2 0 354 
2 166 g 2 0 354 
2 166 b 2 0 354 
2 167 r 2 0 355 
2 167 g 2 0 355 
2 167 b 2 0 355 
0 168 r 2 1 355 
0 168 g 2 0 356 
0 168 b 2 0 356 
0 169 r 2 0 356 
0 169 g 2 1 356 
0 169 b 2 0 357 
0 170 r 2 0 357 
0 170 g 2 0 357 
0 170 b 2 1 357 
1 168 r 2 0 358 
1 168 g 2 0 358 
1 168 b 2 0 358 
1 170 r 2 1 358 
1 170 g 2 0 359 
1 170 b 2 0 359 
2 168 r 2 0 359 
2 168 g 2 1 359 
2 168 b 2 0 360 
2 169 r 2 0 360 
2 169 g 2 0 360 
2 169 b 2 1 360 
2 170 r 2 0 361 
2 170 g 2 0 361 
2 170 b 2 0 361 
0 171 r 2 0 362 
0 171 g 2 0 362 
0 171 b 2 0 362 
0 172 r 2 1 362 
0 172 g 2 0 363 
0 172 b 2 0 363 
0 173 r 2 0 363 
0 173 g 2 1 363 
0 173 b 2 0 364 
1 171 r 2 0 364 
1 171 g 2 0 364 
1 171 b 2 1 364 
1 173 r 2 0 365 
1 173 g 2 0 365 
1 173 b 2 0 365 
2 171 r 2 1 365 
2 171 g 2 0 366 
2 171 b 2 0 366 
2 172 r 2 0 366 
2 172 g 2 1 366 
2 172 b 2 0 367 
2 173 r 2 0 367 
2 173 g 2 0 367 
2 173 b 2 0 368 
0 174 r 2 0 368 
0 174 g 2 0 368 
0 174 b 2 0 369 
0 175 r 2 0 369 
0 175 g 2 0 369 
0 175 b 2 1 369 
0 176 r 2 0 370 
0 176 g 2 0 370 
0 176 b 2 0 370 
1 174 r 2 1 370 
1 174 g 2 0 371 
1 174 b 2 0 371 
1 176 r 2 0 371 
1 176 g 2 1 371 
1 176 b 2 0 372 
2 174 r 2 0 372 
2 174 g 2 0 372 
2 174 b 2 1 372 
2 175 r 2 0 373 
2 175 g 2 0 373 
2 175 b 2 0 373 
2 176 r 2 1 373 
2 176 g 2 0 374 
2 176 b 2 0 374 
0 177 r 2 0 374 
0 177 g 2 0 375 
0 177 b 2 0 375 
0 178 r 2 0 375 
0 178 g 2 1 375 
0 178 b 2 0 376 
0 179 r 2 0 376 
0 179 g 2 0 376 
0 179 b 2 1 376 
1 177 r 2 0 377 
1 177 g 2 0 377 
1 177 b 2 0 377 
1 179 r 2 1 377 
1 179 g 2 0 378 
1 179 b 2 0 378 
2 177 r 2 0 378 
2 177 g 2 1 378 
2 177 b 2 0 379 
2 178 r 2 0 379 
2 178 g 2 0 379 
2 178 b 2 1 379 
2 179 r 2 0 380 
2 179 g 2 0 380 
2 179 b 2 0 380 
0 180 r 2 1 380 
0 180 g 2 0 381 
0 180 b 2 0 381 
0 181 r 2 0 381 
0 181 g 2 0 382 
0 181 b 2 0 382 
0 182 r 2 0 382 
0 182 g 2 1 382 
0 182 b 2 0 383 
1 180 r 2 0 383 
1 180 g 2 0 383 
1 180 b 2 1 383 
1 182 r 2 0 384 
1 182 g 2 0 384 
1 182 b 2 0 384 
2 180 r 2 1 384 
2 180 g 2 0 385 
2 180 b 2 0 385 
2 181 r 2 0 385 
2 181 g 2 0 386 
2 181 b 2 0 386 
2 182 r 2 0 386 
2 182 g 2 1 386 
2 182 b 2 0 387 
0 183 r 2 0 387 
0 183 g 2 0 387 
0 183 b 2 1 387 
0 184 r 2 0 388 
0 184 g 2 0 388 
0 184 b 2 0 388 
0 185 r 2 1 388 
0 185 g 2 0 389 
0 185 b 2 0 389 
1 183 r 2 0 389 
1 183 g 2 1 389 
1 183 b 2 0 390 
1 185 r 2 0 390 
1 185 g 2 0 390 
1 185 b 2 1 390 
2 183 r 2 0 391 
2 183 g 2 0 391 
2 183 b 2 0 391 
2 184 r 2 0 392 
2 184 g 2 0 392 
2 184 b 2 0 392 
2 185 r 2 0 393 
2 185 g 2 0 393 
2 185 b 2 0 393 
0 186 r 2 1 393 
0 186 g 2 0 394 
0 186 b 2 0 394 
0 187 r 2 0 394 
0 187 g 2 1 394 
0 187 b 2 0 395 
0 188 r 2 0 395 
0 188 g 2 0 395 
0 188 b 2 1 395 
1 186 r 2 0 396 
1 186 g 2 0 396 
1 186 b 2 0 396 
1 188 r 2 1 396 
1 188 g 2 0 397 
1 188 b 2 0 397 
2 186 r 2 0 397 
2 186 g 2 0 398 
2 186 b 2 0 398 
2 187 r 2 0 398 
2 187 g 2 1 398 
2 187 b 2 0 399 
2 188 r 2 0 399 
2 188 g 2 0 399 
2 188 b 2 1 399 
0 189 r 2 0 400 
0 189 g 2 0 400 
0 189 b 2 0 400 
0 190 r 2 1 400 
0 190 g 2 0 401 
0 190 b 2 0 401 
0 191 r 2 0 401 
0 191 g 2 1 401 
0 191 b 2 0 402 
1 189 r 2 0 402 
1 189 g 2 0 402 
1 189 b 2 1 402 
1 191 r 2 0 403 
1 191 g 2 0 403 
1 191 b 2 0 403 
2 189 r 2 1 403 
2 189 g 2 0 404 
2 189 b 2 0 404 
2 190 r 2 0 404 
2 190 g 2 1 404 
2 190 b 2 0 405 
2 191 r 2 0 405 
2 191 g 2 0 405 
2 191 b 2 1 405 
0 192 r 2 0 406 
0 192 g 2 0 406 
0 192 b 2 0 406 
0 193 r 2 1 406 
0 193 g 2 0 407 
0 193 b 2 0 407 
0 194 r 2 0 407 
0 194 g 2 0 408 
0 194 b 2 0 408 
1 192 r 2 0 408 
1 192 g 2 1 408 
1 192 b 2 0 409 
1 194 r 2 0 409 
1 194 g 2 0 409 
1 194 b 2 1 409 
2 192 r 2 0 410 
2 192 g 2 0 410 
2 192 b 2 0 410 
2 193 r 2 1 410 
2 193 g 2 0 411 
2 193 b 2 0 411 
2 194 r 2 0 411 
2 194 g 2 1 411 
2 194 b 2 0 412 
0 195 r 2 0 412 
0 195 g 2 0 412 
0 195 b 2 1 412 
0 196 r 2 0 413 
0 196 g 2 0 413 
0 196 b 2 0 413 
0 197 r 2 0 414 
0 197 g 2 0 414 
0 197 b 2 0 414 
1 195 r 2 1 414 
1 195 g 2 0 415 
1 195 b 2 0 415 
1 197 r 2 0 415 
1 197 g 2 1 415 
1 197 b 2 0 416 
2 195 r 2 0 416 
2 195 g 2 0 416 
2 195 b 2 1 416 
2 196 r 2 0 417 
2 196 g 2 0 417 
2 196 b 2 0 417 
2 197 r 2 1 417 
2 197 g 2 0 418 
2 197 b 2 0 418 
0 198 r 2 0 418 
0 198 g 2 1 418 
0 198 b 2 0 419 
0 199 r 2 0 419 
0 199 g 2 0 419 
0 199 b 2 1 419 
0 200 r 2 0 420 
0 200 g 2 0 420 
0 200 b 2 0 420 
1 198 r 2 1 420 
1 198 g 2 0 421 
1 198 b 2 0 421 
1 200 r 2 0 421 
1 200 g 2 0 422 
1 200 b 2 0 422 
2 198 r 2 0 422 
2 198 g 2 1 422 
2 198 b 2 0 423 
2 199 r 2 0 423 
2 199 g 2 0 423 
2 199 b 2 0 424 
2 200 r 2 0 424 
2 200 g 2 0 424 
2 200 b 2 0 425 
0 201 r 2 0 425 
0 201 g 2 0 425 
0 201 b 2 1 425 
0 202 r 2 0 426 
0 202 g 2 0 426 
0 202 b 2 0 426 
0 203 r 2 1 426 
0 203 g 2 0 427 
0 203 b 2 0 427 
1 201 r 2 0 427 
1 201 g 2 1 427 
1 201 b 2 0 428 
1 203 r 2 0 428 
1 203 g 2 0 428 
1 203 b 2 1 428 
2 201 r 2 0 429 
2 201 g 2 0 429 
2 201 b 2 0 429 
2 202 r 2 1 429 
2 202 g 2 0 430 
2 202 b 2 0 430 
2 203 r 2 0 430 
2 203 g 2 1 430 
2 203 b 2 0 431 
0 204 r 2 0 431 
0 204 g 2 0 431 
0 204 b 2 0 432 
0 205 r 2 0 432 
0 205 g 2 0 432 
0 205 b 2 1 432 
0 206 r 2 0 433 
0 206 g 2 0 433 
0 206 b 2 0 433 
1 204 r 2 1 433 
1 204 g 2 0 434 
1 204 b 2 0 434 
1 206 r 2 0 434 
1 206 g 2 1 434 
1 206 b 2 0 435 
2 204 r 2 0 435 
2 204 g 2 0 435 
2 204 b 2 1 435 
2 205 r 2 0 436 
2 205 g 2 0 436 
2 205 b 2 0 436 
2 206 r 2 1 436 
2 206 g 2 0 437 
2 206 b 2 0 437 
0 207 r 4 1 437 
0 207 g 2 0 438 
0 207 b 2 0 438 
0 208 r 2 0 438 
0 208 g 2 1 438 
0 208 b 2 0 439 
0 209 r 2 0 439 
0 209 g 2 0 439 
0 209 b 2 1 439 
1 207 r 2 0 440 
1 207 g 2 0 440 
1 207 b 2 0 440 
1 209 r 2 1 440 
1 209 g 2 0 441 
1 209 b 2 0 441 
2 207 r 2 0 441 
2 207 g 2 0 442 
2 207 b 2 0 442 
2 208 r 2 0 442 
2 208 g 2 1 442 
2 208 b 2 0 443 
2 209 r 2 0 443 
2 209 g 2 0 443 
2 209 b 2 1 443 
0 210 r 2 0 444 
0 210 g 2 0 444 
0 210 b 2 0 444 
0 211 r 2 1 444 
0 211 g 2 0 445 
0 211 b 2 0 445 
0 212 r 2 0 445 
0 212 g 2 1 445 
0 212 b 2 0 446 
1 210 r 2 0 446 
1 210 g 2 0 446 
1 210 b 2 1 446 
1 212 r 2 0 447 
1 212 g 2 0 447 
1 212 b 2 0 447 
2 210 r 2 1 447 
2 210 g 2 0 448 
2 210 b 2 0 448 
2 211 r 2 0 448 
2 211 g 2 1 448 
2 211 b 2 0 449 
2 212 r 2 0 449 
2 212 g 2 0 449 
2 212 b 2 1 449 
0 213 r 2 0 450 
0 213 g 2 0 450 
0 213 b 2 0 450 
0 214 r 2 1 450 
0 214 g 2 0 451 
0 214 b 2 0 451 
0 215 r 2 0 451 
0 215 g 2 0 452 
0 215 b 2 0 452 
1 213 r 2 0 452 
1 213 g 2 1 452 
1 213 b 2 0 453 
1 215 r 2 0 453 
1 215 g 2 0 453 
1 215 b 2 1 453 
2 213 r 2 0 454 
2 213 g 2 0 454 
2 213 b 2 0 454 
2 214 r 2 1 454 
2 214 g 2 0 455 
2 214 b 2 0 455 
2 215 r 2 0 455 
2 215 g 2 1 455 
2 215 b 2 0 456 
0 216 r 2 0 456 
0 216 g 2 0 456 
0 216 b 2 0 457 
0 217 r 2 0 457 
0 217 g 2 0 457 
0 217 b 2 0 458 
0 218 r 2 0 458 
0 218 g 2 0 458 
0 218 b 2 1 458 
1 216 r 2 0 459 
1 216 g 2 0 459 
1 216 b 2 0 459 
1 218 r 2 1 459 
1 218 g 2 0 460 
1 218 b 2 0 460 
2 216 r 2 0 460 
2 216 g 2 0 461 
2 216 b 2 0 461 
2 217 r 2 0 461 
2 217 g 2 1 461 
2 217 b 2 0 462 
2 218 r 2 0 462 
2 218 g 4 1 462 
2 218 b 2 0 463 
0 219 r 2 0 463 
0 219 g 2 0 463 
0 219 b 2 1 463 
0 220 r 2 0 464 
0 220 g 2 0 464 
0 220 b 2 0 464 
0 221 r 2 1 464 
0 221 g 2 0 465 
0 221 b 2 0 465 
1 219 r 2 0 465 
1 219 g 2 1 465 
1 219 b 2 0 466 
1 221 r 2 0 466 
1 221 g 2 0 466 
1 221 b 2 1 466 
2 219 r 2 0 467 
2 219 g 2 0 467 
2 219 b 2 0 467 
2 220 r 2 1 467 
2 220 g 2 0 468 
2 220 b 2 0 468 
2 221 r 2 0 468 
2 221 g 2 0 469 
2 221 b 2 0 469 
0 222 r 2 0 469 
0 222 g 2 1 469 
0 222 b 2 0 470 
0 223 r 2 0 470 
0 223 g 2 0 470 
0 223 b 2 1 470 
0 224 r 2 0 471 
0 224 g 2 0 471 
0 224 b 2 0 471 
1 222 r 2 1 471 
1 222 g 2 0 472 
1 222 b 2 0 472 
1 224 r 2 0 472 
1 224 g 2 1 472 
1 224 b 2 0 473 
2 222 r 2 0 473 
2 222 g 2 0 473 
2 222 b 2 0 474 
2 223 r 2 0 474 
2 223 g 2 0 474 
2 223 b 2 1 474 
2 224 r 2 0 475 
2 224 g 2 0 475 
2 224 b 2 0 475 
0 225 r 2 1 475 
0 225 g 2 0 476 
0 225 b 2 0 476 
0 226 r 2 0 476 
0 226 g 2 1 476 
0 226 b 2 0 477 
0 227 r 2 0 477 
0 227 g 2 0 477 
0 227 b 2 1 477 
1 225 r 2 0 478 
1 225 g 2 0 478 
1 225 b 2 0 478 
1 227 r 2 1 478 
1 227 g 2 0 479 
1 227 b 2 0 479 
2 225 r 2 0 479 
2 225 g 2 1 479 
2 225 b 2 0 480 
2 226 r 2 0 480 
2 226 g 2 0 480 
2 226 b 2 1 480 
2 227 r 2 0 481 
2 227 g 2 0 481 
2 227 b 2 0 481 
0 228 r 2 0 482 
0 228 g 2 0 482 
0 228 b 2 0 482 
0 229 r 2 1 482 
0 229 g 2 0 483 
0 229 b 2 0 483 
0 230 r 2 0 483 
0 230 g 2 1 483 
0 230 b 2 0 484 
1 228 r 2 0 484 
1 228 g 2 0 484 
1 228 b 2 0 485 
1 230 r 2 0 485 
1 230 g 2 0 485 
1 230 b 2 0 486 
2 228 r 2 0 486 
2 228 g 2 0 486 
2 228 b 2 1 486 
2 229 r 2 0 487 
2 229 g 2 0 487 
2 229 b 2 0 487 
2 230 r 2 1 487 
2 230 g 2 0 488 
2 230 b 2 0 488 
0 231 r 2 0 488 
0 231 g 2 1 488 
0 231 b 2 0 489 
0 232 r 2 0 489 
0 232 g 2 0 489 
0 232 b 2 1 489 
0 233 r 2 0 490 
0 233 g 2 0 490 
0 233 b 2 0 490 
1 231 r 2 1 490 
1 231 g 2 0 491 
1 231 b 2 0 491 
1 233 r 2 0 491 
1 233 g 2 0 492 
1 233 b 2 0 492 
2 231 r 2 0 492 
2 231 g 2 1 492 
2 231 b 2 0 493 
2 232 r 2 0 493 
2 232 g 2 0 493 
2 232 b 2 1 493 
2 233 r 2 0 494 
2 233 g 2 0 494 
2 233 b 2 0 494 
0 234 r 2 1 494 
0 234 g 2 0 495 
0 234 b 2 0 495 
0 235 r 2 0 495 
0 235 g 2 1 495 
0 235 b 2 0 496 
0 236 r 2 0 496 
0 236 g 2 0 496 
0 236 b 2 1 496 
1 234 r 2 0 497 
1 234 g 2 0 497 
1 234 b 2 0 497 
1 236 r 2 1 497 
1 236 g 2 0 498 
1 236 b 2 0 498 
2 234 r 2 0 498 
2 234 g 2 1 498 
2 234 b 2 0 499 
2 235 r 2 0 499 
2 235 g 2 0 499 
2 235 b 2 1 499 
2 236 r 2 0 500 
2 236 g 2 0 500 
2 236 b 2 0 500 
0 237 r 2 1 500 
0 237 g 2 0 501 
0 237 b 2 0 501 
0 238 r 2 0 501 
0 238 g 2 1 501 
0 238 b 2 0 502 
0 239 r 2 0 502 
0 239 g 2 0 502 
0 239 b 2 1 502 
1 237 r 2 0 503 
1 237 g 2 0 503 
1 237 b 2 0 503 
1 239 r 2 1 503 
1 239 g 2 0 504 
1 239 b 2 0 504 
2 237 r 2 0 504 
2 237 g 2 1 504 
2 237 b 2 0 505 
2 238 r 2 0 505 
2 238 g 2 0 505 
2 238 b 2 0 506 
2 239 r 2 0 506 
2 239 g 2 0 506 
2 239 b 2 1 506 
0 240 r 2 0 507 
0 240 g 2 0 507 
0 240 b 2 0 507 
0 241 r 2 1 507 
0 241 g 2 0 508 
0 241 b 2 0 508 
0 242 r 2 0 508 
0 242 g 2 1 508 
0 242 b 2 0 509 
1 240 r 2 0 509 
1 240 g 2 0 509 
1 240 b 2 1 509 
1 242 r 2 0 510 
1 242 g 2 0 510 
1 242 b 2 0 510 
2 240 r 2 0 511 
2 240 g 2 0 511 
2 240 b 2 0 511 
2 241 r 2 0 512 
2 241 g 2 0 512 
2 241 b 2 0 512 
2 242 r 2 1 512 
2 242 g 2 0 513 
2 242 b 2 0 513 
0 243 r 2 0 513 
0 243 g 2 1 513 
0 243 b 2 0 514 
0 244 r 2 0 514 
0 244 g 2 0 514 
0 244 b 2 0 515 
0 245 r 2 0 515 
0 245 g 2 0 515 
0 245 b 2 1 515 
1 243 r 2 0 516 
1 243 g 2 0 516 
1 243 b 2 0 516 
1 245 r 2 1 516 
1 245 g 2 0 517 
1 245 b 2 0 517 
2 243 r 2 0 517 
2 243 g 2 1 517 
2 243 b 2 0 518 
2 244 r 2 0 518 
2 244 g 2 0 518 
2 244 b 2 1 518 
2 245 r 2 0 519 
2 245 g 2 0 519 
2 245 b 2 0 519 
0 246 r 2 1 519 
0 246 g 2 0 520 
0 246 b 2 0 520 
0 247 r 2 0 520 
0 247 g 2 1 520 
0 247 b 2 0 521 
0 248 r 2 0 521 
0 248 g 2 0 521 
0 248 b 2 1 521 
1 246 r 2 0 522 
1 246 g 2 0 522 
1 246 b 2 0 522 
1 248 r 2 1 522 
1 248 g 2 0 523 
1 248 b 2 0 523 
2 246 r 2 0 523 
2 246 g 2 1 523 
2 246 b 2 0 524 
2 247 r 2 0 524 
2 247 g 2 0 524 
2 247 b 2 1 524 
2 248 r 2 0 525 
2 248 g 2 0 525 
2 248 b 2 0 525 
0 249 r 2 1 525 
0 249 g 2 0 526 
0 249 b 2 0 526 
0 250 r 2 0 526 
0 250 g 2 0 527 
0 250 b 2 0 527 
0 251 r 2 0 527 
0 251 g 2 1 527 
0 251 b 2 0 528 
1 249 r 2 0 528 
1 249 g 2 0 528 
1 249 b 2 1 528 
1 251 r 2 0 529 
1 251 g 2 0 529 
1 251 b 2 0 529 
2 249 r 2 1 529 
2 249 g 2 0 530 
2 249 b 2 0 530 
2 250 r 2 0 530 
2 250 g 2 1 530 
2 250 b 2 0 531 
2 251 r 2 0 531 
2 251 g 2 0 531 
2 251 b 2 0 532 
0 252 r 2 0 532 
0 252 g 2 0 532 
0 252 b 2 1 532 
0 253 r 2 0 533 
0 253 g 2 0 533 
0 253 b 2 0 533 
0 254 r 2 1 533 
0 254 g 2 0 534 
0 254 b 2 0 534 
1 252 r 2 0 534 
1 252 g 2 1 534 
1 252 b 2 0 535 
1 254 r 2 0 535 
1 254 g 2 0 535 
1 254 b 2 1 535 
2 252 r 2 0 536 
2 252 g 2 0 536 
2 252 b 2 0 536 
2 253 r 2 1 536 
2 253 g 2 0 537 
2 253 b 2 0 537 
2 254 r 2 0 537 
2 254 g 2 1 537 
2 254 b 2 0 538 
0 255 r 2 0 538 
0 255 g 2 0 538 
0 255 b 2 0 539 
0 256 r 2 0 539 
0 256 g 2 0 539 
0 256 b 2 1 539 
0 257 r 2 0 540 
0 257 g 2 0 540 
0 257 b 2 0 540 
1 255 r 2 1 540 
1 255 g 2 0 541 
1 255 b 2 0 541 
1 257 r 2 0 541 
1 257 g 2 0 542 
1 257 b 2 0 542 
2 255 r 2 0 542 
2 255 g 2 0 543 
2 255 b 2 0 543 
2 256 r 2 0 543 
2 256 g 2 1 543 
2 256 b 2 0 544 
2 257 r 2 0 544 
2 257 g 2 0 544 
2 257 b 2 1 544 
0 258 r 2 0 545 
0 258 g 2 0 545 
0 258 b 2 0 545 
0 259 r 2 1 545 
0 259 g 2 0 546 
0 259 b 2 0 546 
0 260 r 2 0 546 
0 260 g 2 1 546 
0 260 b 2 0 547 
1 258 r 2 0 547 
1 258 g 2 0 547 
1 258 b 2 1 547 
1 260 r 2 0 548 
1 260 g 2 0 548 
1 260 b 2 0 548 
2 258 r 2 1 548 
2 258 g 2 0 549 
2 258 b 2 0 549 
2 259 r 2 0 549 
2 259 g 2 1 549 
2 259 b 2 0 550 
2 260 r 2 0 550 
2 260 g 2 0 550 
2 260 b 2 1 550 
0 261 r 2 0 551 
0 261 g 2 0 551 
0 261 b 2 0 551 
0 262 r 2 0 552 
0 262 g 2 0 552 
0 262 b 2 0 552 
0 263 r 2 1 552 
0 263 g 2 0 553 
0 263 b 2 0 553 
1 261 r 2 0 553 
1 261 g 2 1 553 
1 261 b 2 0 554 
1 263 r 2 0 554 
1 263 g 2 0 554 
1 263 b 2 1 554 
2 261 r 2 0 555 
2 261 g 2 0 555 
2 261 b 2 0 555 
2 262 r 2 1 555 
2 262 g 2 0 556 
2 262 b 2 0 556 
2 263 r 2 0 556 
2 263 g 2 0 557 
2 263 b 2 0 557 
0 264 r 2 0 557 
0 264 g 2 1 557 
0 264 b 2 0 558 
0 265 r 2 0 558 
0 265 g 2 0 558 
0 265 b 2 1 558 
0 266 r 2 0 559 
0 266 g 2 0 559 
0 266 b 2 0 559 
1 264 r 2 1 559 
1 264 g 2 0 560 
1 264 b 2 0 560 
1 266 r 2 0 560 
1 266 g 2 1 560 
1 266 b 2 0 561 
2 264 r 2 0 561 
2 264 g 2 0 561 
2 264 b 2 1 561 
2 265 r 2 0 562 
2 265 g 2 0 562 
2 265 b 2 0 562 
2 266 r 2 1 562 
2 266 g 2 0 563 
2 266 b 2 0 563 
0 267 r 2 0 563 
0 267 g 2 0 564 
0 267 b 2 0 564 
0 268 r 2 0 564 
0 268 g 2 0 565 
0 268 b 2 0 565 
0 269 r 2 0 565 
0 269 g 2 1 565 
0 269 b 2 0 566 
1 267 r 2 0 566 
1 267 g 2 0 566 
1 267 b 2 1 566 
1 269 r 2 0 567 
1 269 g 2 0 567 
1 269 b 2 0 567 
2 267 r 2 1 567 
2 267 g 2 0 568 
2 267 b 2 0 568 
2 268 r 2 0 568 
2 268 g 2 1 568 
2 268 b 2 0 569 
2 269 r 2 0 569 
2 269 g 2 0 569 
2 269 b 2 1 569 
0 270 r 2 0 570 
0 270 g 2 0 570 
0 270 b 2 0 570 
0 271 r 2 1 570 
0 271 g 2 0 571 
0 271 b 2 0 571 
0 272 r 2 0 571 
0 272 g 2 0 572 
0 272 b 2 0 572 
1 270 r 2 0 572 
1 270 g 2 1 572 
1 270 b 2 0 573 
1 272 r 2 0 573 
1 272 g 2 0 573 
1 272 b 2 1 573 
2 270 r 3 0 574 
2 270 g 3 0 574 
2 270 b 3 0 575 
2 271 r 2 0 575 
2 271 g 2 0 575 
2 271 b 2 0 576 
2 272 r 2 0 576 
2 272 g 2 0 576 
2 272 b 2 1 576 
0 273 r 2 0 577 
0 273 g 2 0 577 
0 273 b 2 0 577 
0 274 r 2 1 577 
0 274 g 2 0 578 
0 274 b 2 0 578 
0 275 r 2 0 578 
0 275 g 2 1 578 
0 275 b 2 0 579 
1 273 r 2 0 579 
1 273 g 2 0 579 
1 273 b 2 1 579 
1 275 r 2 0 580 
1 275 g 2 0 580 
1 275 b 2 0 580 
2 273 r 2 1 580 
2 273 g 2 0 581 
2 273 b 2 0 581 
2 274 r 2 0 581 
2 274 g 2 1 581 
2 274 b 2 0 582 
2 275 r 2 0 582 
2 275 g 2 0 582 
2 275 b 2 0 583 
0 276 r 2 0 583 
0 276 g 2 0 583 
0 276 b 2 1 583 
0 277 r 2 0 584 
0 277 g 2 0 584 
0 277 b 2 0 584 
0 278 r 2 1 584 
0 278 g 2 0 585 
0 278 b 2 0 585 
1 276 r 2 0 585 
1 276 g 2 1 585 
1 276 b 2 0 586 
1 278 r 2 0 586 
1 278 g 2 0 586 
1 278 b 2 0 587 
2 276 r 2 0 587 
2 276 g 2 0 587 
2 276 b 2 0 588 
2 277 r 2 0 588 
2 277 g 2 0 588 
2 277 b 2 1 588 
2 278 r 2 0 589 
2 278 g 2 0 589 
2 278 b 2 0 589 
0 279 r 2 1 589 
0 279 g 2 0 590 
0 279 b 2 0 590 
0 280 r 2 0 590 
0 280 g 2 1 590 
0 280 b 2 0 591 
0 281 r 2 0 591 
0 281 g 2 0 591 
0 281 b 2 1 591 
1 279 r 2 0 592 
1 279 g 2 0 592 
1 279 b 2 0 592 
1 281 r 2 1 592 
1 281 g 2 0 593 
1 281 b 2 0 593 
2 279 r 2 0 593 
2 279 g 2 1 593 
2 279 b 2 0 594 
2 280 r 2 0 594 
2 280 g 2 0 594 
2 280 b 2 1 594 
2 281 r 2 0 595 
2 281 g 2 0 595 
2 281 b 2 0 595 
0 282 r 2 0 596 
0 282 g 2 0 596 
0 282 b 2 0 596 
0 283 r 2 1 596 
0 283 g 2 0 597 
0 283 b 2 0 597 
0 284 r 2 0 597 
0 284 g 2 1 597 
0 284 b 2 0 598 
1 282 r 2 0 598 
1 282 g 2 0 598 
1 282 b 2 0 599 
1 284 r 2 0 599 
1 284 g 2 0 599 
1 284 b 2 1 599 
2 282 r 2 0 600 
2 282 g 2 0 600 
2 282 b 2 0 600 
2 283 r 2 1 600 
2 283 g 2 0 601 
2 283 b 2 0 601 
2 284 r 2 0 601 
2 284 g 2 1 601 
2 284 b 2 0 602 
0 285 r 2 0 602 
0 285 g 2 0 602 
0 285 b 2 1 602 
0 286 r 2 0 603 
0 286 g 2 0 603 
0 286 b 2 0 603 
0 287 r 2 0 604 
0 287 g 2 0 604 
0 287 b 2 0 604 
1 285 r 2 0 605 
1 285 g 2 0 605 
1 285 b 2 0 605 
1 287 r 2 1 605 
1 287 g 2 0 606 
1 287 b 2 0 606 
2 285 r 2 0 606 
2 285 g 2 1 606 
2 285 b 2 0 607 
2 286 r 2 0 607 
2 286 g 2 0 607 
2 286 b 2 1 607 
2 287 r 2 0 608 
2 287 g 2 0 608 
2 287 b 2 0 608 
0 288 r 2 1 608 
0 288 g 2 0 609 
0 288 b 2 0 609 
0 289 r 2 0 609 
0 289 g 2 0 610 
0 289 b 2 0 610 
0 290 r 2 0 610 
0 290 g 2 1 610 
0 290 b 2 0 611 
1 288 r 2 0 611 
1 288 g 2 0 611 
1 288 b 2 1 611 
1 290 r 2 0 612 
1 290 g 2 0 612 
1 290 b 2 0 612 
2 288 r 2 1 612 
2 288 g 2 0 613 
2 288 b 2 0 613 
2 289 r 2 0 613 
2 289 g 2 1 613 
2 289 b 2 0 614 
2 290 r 2 0 614 
2 290 g 2 0 614 
2 290 b 2 1 614 
0 291 r 2 0 615 
0 291 g 2 0 615 
0 291 b 2 0 615 
0 292 r 2 1 615 
0 292 g 2 0 616 
0 292 b 2 0 616 
0 293 r 2 0 616 
0 293 g 2 1 616 
0 293 b 2 0 617 
1 291 r 2 0 617 
1 291 g 2 0 617 
1 291 b 2 0 618 
1 293 r 3 0 618 
1 293 g 2 0 618 
1 293 b 2 0 619 
2 291 r 2 0 619 
2 291 g 2 0 619 
2 291 b 2 1 619 
2 292 r 2 0 620 
2 292 g 2 0 620 
2 292 b 2 0 620 
2 293 r 2 1 620 
2 293 g 2 0 621 
2 293 b 2 0 621 
0 294 r 2 0 621 
0 294 g 2 1 621 
0 294 b 2 0 622 
0 295 r 2 0 622 
0 295 g 2 0 622 
0 295 b 2 1 622 
0 296 r 2 0 623 
0 296 g 2 0 623 
0 296 b 2 0 623 
1 294 r 2 0 624 
1 294 g 2 0 624 
1 294 b 2 0 624 
1 296 r 2 1 624 
1 296 g 2 0 625 
1 296 b 2 0 625 
2 294 r 2 0 625 
2 294 g 2 1 625 
2 294 b 2 0 626 
2 295 r 2 0 626 
2 295 g 2 0 626 
2 295 b 2 1 626 
2 296 r 2 0 627 
2 296 g 2 0 627 
2 296 b 2 0 627 
0 297 r 2 0 628 
0 297 g 2 0 628 
0 297 b 2 0 628 
0 298 r 2 1 628 
0 298 g 2 0 629 
0 298 b 2 0 629 
0 299 r 2 0 629 
0 299 g 2 1 629 
0 299 b 2 0 630 
1 297 r 2 0 630 
1 297 g 2 0 630 
1 297 b 2 1 630 
1 299 r 2 0 631 
1 299 g 2 0 631 
1 299 b 2 0 631 
2 297 r 2 0 632 
2 297 g 2 0 632 
2 297 b 2 0 632 
2 298 r 2 1 632 
2 298 g 2 0 633 
2 298 b 2 0 633 
2 299 r 2 0 633 
2 299 g 2 1 633 
2 299 b 2 0 634 
0 300 r 2 0 634 
0 300 g 2 0 634 
0 300 b 2 1 634 
0 301 r 2 0 635 
0 301 g 2 0 635 
0 301 b 2 0 635 
0 302 r 3 2 635 
0 302 g 3 0 636 
0 302 b 3 0 636 
1 300 r 2 1 636 
1 300 g 2 0 637 
1 300 b 2 0 637 
1 302 r 3 0 637 
1 302 g 3 0 638 
1 302 b 3 0 638 
2 300 r 3 2 638 
2 300 g 3 0 639 
2 300 b 3 0 639 
2 301 r 3 0 640 
2 301 g 3 0 640 
2 301 b 3 2 640 
2 302 r 3 0 641 
2 302 g 3 0 641 
2 302 b 3 2 641 
0 303 r 2 0 642 
0 303 g 2 0 642 
0 303 b 2 0 642 
0 304 r 2 1 642 
0 304 g 2 0 643 
0 304 b 2 0 643 
0 305 r 2 0 643 
0 305 g 2 1 643 
0 305 b 2 0 644 
1 303 r 2 0 644 
1 303 g 3 0 644 
1 303 b 3 0 645 
1 305 r 2 0 645 
1 305 g 2 0 645 
1 305 b 2 0 646 
2 303 r 2 0 646 
2 303 g 2 0 646 
2 303 b 2 1 646 
2 304 r 2 0 647 
2 304 g 2 0 647 
2 304 b 2 0 647 
2 305 r 2 1 647 
2 305 g 2 0 648 
2 305 b 2 0 648 
0 306 r 2 0 648 
0 306 g 2 1 648 
0 306 b 2 0 649 
0 307 r 2 0 649 
0 307 g 2 0 649 
0 307 b 2 0 650 
0 308 r 2 0 650 
0 308 g 2 0 650 
0 308 b 2 1 650 
1 306 r 2 0 651 
1 306 g 2 0 651 
1 306 b 2 0 651 
1 308 r 2 1 651 
1 308 g 2 0 652 
1 308 b 2 0 652 
2 306 r 2 0 652 
2 306 g 2 1 652 
2 306 b 2 0 653 
2 307 r 2 0 653 
2 307 g 2 0 653 
2 307 b 2 1 653 
2 308 r 2 0 654 
2 308 g 2 0 654 
2 308 b 2 0 654 
0 309 r 2 0 655 
0 309 g 2 0 655 
0 309 b 2 0 655 
0 310 r 2 1 655 
0 310 g 2 0 656 
0 310 b 2 0 656 
0 311 r 2 0 656 
0 311 g 2 1 656 
0 311 b 2 0 657 
1 309 r 2 0 657 
1 309 g 2 0 657 
1 309 b 2 1 657 
1 311 r 2 0 658 
1 311 g 2 0 658 
1 311 b 2 0 658 
2 309 r 2 1 658 
2 309 g 2 0 659 
2 309 b 2 0 659 
2 310 r 2 0 659 
2 310 g 2 0 660 
2 310 b 2 0 660 
2 311 r 2 0 660 
2 311 g 2 1 660 
2 311 b 2 0 661 
0 312 r 2 0 661 
0 312 g 2 0 661 
0 312 b 2 1 661 
0 313 r 2 0 662 
0 313 g 2 0 662 
0 313 b 2 0 662 
0 314 r 2 1 662 
0 314 g 2 0 663 
0 314 b 2 0 663 
1 312 r 2 0 663 
1 312 g 2 1 663 
1 312 b 2 0 664 
1 314 r 2 0 664 
1 314 g 2 0 664 
1 314 b 2 1 664 
2 312 r 2 0 665 
2 312 g 2 0 665 
2 312 b 2 0 665 
2 313 r 2 0 666 
2 313 g 2 0 666 
2 313 b 2 0 666 
2 314 r 2 0 667 
2 314 g 2 0 667 
2 314 b 2 0 667 
0 315 r 2 1 667 
0 315 g 2 0 668 
0 315 b 2 0 668 
0 316 r 2 0 668 
0 316 g 2 1 668 
0 316 b 2 0 669 
0 317 r 2 0 669 
0 317 g 2 0 669 
0 317 b 2 1 669 
1 315 r 2 0 670 
1 315 g 2 0 670 
1 315 b 2 0 670 
1 317 r 2 1 670 
1 317 g 2 0 671 
1 317 b 2 0 671 
2 315 r 2 0 671 
2 315 g 2 1 671 
2 315 b 2 0 672 
2 316 r 2 0 672 
2 316 g 2 0 672 
2 316 b 2 1 672 
2 317 r 2 0 673 
2 317 g 2 0 673 
2 317 b 2 0 673 
0 318 r 2 1 673 
0 318 g 2 0 674 
0 318 b 2 0 674 
0 319 r 2 0 674 
0 319 g 2 1 674 
0 319 b 2 0 675 
0 320 r 4 0 675 
0 320 g 2 1 675 
0 320 b 2 0 676 
1 318 r 2 0 676 
1 318 g 2 0 676 
1 318 b 2 0 677 
1 320 r 3 0 677 
1 320 g 3 1 677 
1 320 b 2 0 678 
2 318 r 2 0 678 
2 318 g 2 0 678 
2 318 b 2 1 678 
2 319 r 2 0 679 
2 319 g 2 0 679 
2 319 b 2 0 679 
2 320 r 2 1 679 
2 320 g 2 0 680 
2 320 b 2 0 680 
0 321 r 2 0 680 
0 321 g 2 0 681 
0 321 b 2 0 681 
0 322 r 2 0 681 
0 322 g 2 1 681 
0 322 b 2 0 682 
0 323 r 2 0 682 
0 323 g 2 0 682 
0 323 b 2 1 682 
1 321 r 2 0 683 
1 321 g 2 0 683 
1 321 b 2 0 683 
1 323 r 2 1 683 
1 323 g 2 0 684 
1 323 b 2 0 684 
2 321 r 2 0 684 
2 321 g 2 1 684 
2 321 b 2 0 685 
2 322 r 2 0 685 
2 322 g 2 0 685 
2 322 b 2 1 685 
2 323 r 2 0 686 
2 323 g 2 0 686 
2 323 b 2 0 686 
0 324 r 2 1 686 
0 324 g 2 0 687 
0 324 b 2 0 687 
0 325 r 2 0 687 
0 325 g 2 0 688 
0 325 b 2 0 688 
0 326 r 2 0 688 
0 326 g 2 1 688 
0 326 b 2 0 689 
1 324 r 2 0 689 
1 324 g 2 0 689 
1 324 b 2 1 689 
1 326 r 2 0 690 
1 326 g 2 0 690 
1 326 b 2 0 690 
2 324 r 2 1 690 
2 324 g 2 0 691 
2 324 b 2 0 691 
2 325 r 2 0 691 
2 325 g 2 0 692 
2 325 b 2 0 692 
2 326 r 2 0 692 
2 326 g 2 0 693 
2 326 b 2 0 693 
0 327 r 2 0 693 
0 327 g 2 1 693 
0 327 b 2 0 694 
0 328 r 2 0 694 
0 328 g 2 0 694 
0 328 b 2 1 694 
0 329 r 2 0 695 
0 329 g 2 0 695 
0 329 b 2 0 695 
1 327 r 2 1 695 
1 327 g 2 0 696 
1 327 b 2 0 696 
1 329 r 2 0 696 
1 329 g 2 1 696 
1 329 b 2 0 697 
2 327 r 2 0 697 
2 327 g 2 0 697 
2 327 b 2 1 697 
2 328 r 2 0 698 
2 328 g 2 0 698 
2 328 b 2 0 698 
2 329 r 2 1 698 
2 329 g 2 0 699 
2 329 b 2 0 699 
0 330 r 2 0 699 
0 330 g 2 1 699 
0 330 b 2 0 700 
0 331 r 2 0 700 
0 331 g 2 0 700 
0 331 b 2 1 700 
0 332 r 2 0 701 
0 332 g 2 0 701 
0 332 b 2 0 701 
1 330 r 2 0 702 
1 330 g 2 0 702 
1 330 b 2 0 702 
1 332 r 2 1 702 
1 332 g 2 0 703 
1 332 b 2 0 703 
2 330 r 2 0 703 
2 330 g 2 1 703 
2 330 b 2 0 704 
2 331 r 2 0 704 
2 331 g 2 0 704 
2 331 b 2 1 704 
2 332 r 2 0 705 
2 332 g 2 0 705 
2 332 b 2 0 705 
0 333 r 2 1 705 
0 333 g 2 0 706 
0 333 b 2 0 706 
0 334 r 2 0 706 
0 334 g 2 1 706 
0 334 b 2 0 707 
0 335 r 2 0 707 
0 335 g 2 0 707 
0 335 b 2 1 707 
1 333 r 2 0 708 
1 333 g 2 0 708 
1 333 b 2 0 708 
1 335 r 2 0 709 
1 335 g 2 0 709 
1 335 b 2 0 709 
2 333 r 2 1 709 
2 333 g 2 0 710 
2 333 b 2 0 710 
2 334 r 2 0 710 
2 334 g 2 1 710 
2 334 b 2 0 711 
2 335 r 2 0 711 
2 335 g 2 0 711 
2 335 b 2 1 711 
0 336 r 2 0 712 
0 336 g 2 0 712 
0 336 b 2 0 712 
0 337 r 2 1 712 
0 337 g 2 0 713 
0 337 b 2 0 713 
0 338 r 2 0 713 
0 338 g 2 0 714 
0 338 b 2 0 714 
1 336 r 2 0 714 
1 336 g 2 0 715 
1 336 b 2 0 715 
1 338 r 2 0 715 
1 338 g 2 1 715 
1 338 b 2 0 716 
2 336 r 2 0 716 
2 336 g 2 0 716 
2 336 b 2 1 716 
2 337 r 2 0 717 
2 337 g 2 0 717 
2 337 b 2 0 717 
2 338 r 2 1 717 
2 338 g 2 0 718 
2 338 b 2 0 718 
0 339 r 2 0 718 
0 339 g 2 1 718 
0 339 b 2 0 719 
0 340 r 2 0 719 
0 340 g 2 0 719 
0 340 b 2 1 719 
0 341 r 2 0 720 
0 341 g 2 0 720 
0 341 b 2 0 720 
1 339 r 2 1 720 
1 339 g 2 0 721 
1 339 b 2 0 721 
1 341 r 2 0 721 
1 341 g 2 0 722 
1 341 b 2 0 722 
2 339 r 2 0 722 
2 339 g 2 1 722 
2 339 b 2 0 723 
2 340 r 2 0 723 
2 340 g 2 0 723 
2 340 b 2 1 723 
2 341 r 2 0 724 
2 341 g 2 0 724 
2 341 b 2 0 724 
0 342 r 2 1 724 
0 342 g 2 0 725 
0 342 b 2 0 725 
0 343 r 2 0 725 
0 343 g 2 1 725 
0 343 b 2 0 726 
0 344 r 2 0 726 
0 344 g 2 0 726 
0 344 b 2 1 726 
1 342 r 2 0 727 
1 342 g 2 0 727 
1 342 b 2 0 727 
1 344 r 2 1 727 
1 344 g 2 0 728 
1 344 b 2 0 728 
2 342 r 2 0 728 
2 342 g 2 1 728 
2 342 b 2 0 729 
2 343 r 2 0 729 
2 343 g 2 0 729 
2 343 b 2 1 729 
2 344 r 2 0 730 
2 344 g 2 0 730 
2 344 b 2 0 730 
0 345 r 2 1 730 
0 345 g 2 0 731 
0 345 b 2 0 731 
0 346 r 2 0 731 
0 346 g 2 1 731 
0 346 b 2 0 732 
0 347 r 2 0 732 
0 347 g 2 0 732 
0 347 b 2 0 733 
1 345 r 2 0 733 
1 345 g 2 0 733 
1 345 b 2 0 734 
1 347 r 2 0 734 
1 347 g 2 0 734 
1 347 b 2 1 734 
2 345 r 2 0 735 
2 345 g 2 0 735 
2 345 b 2 0 735 
2 346 r 2 1 735 
2 346 g 2 0 736 
2 346 b 2 0 736 
2 347 r 2 0 736 
2 347 g 2 1 736 
2 347 b 2 0 737 
0 348 r 2 0 737 
0 348 g 2 0 737 
0 348 b 2 1 737 
0 349 r 2 0 738 
0 349 g 2 0 738 
0 349 b 2 0 738 
0 350 r 2 1 738 
0 350 g 2 0 739 
0 350 b 2 0 739 
1 348 r 2 0 739 
1 348 g 2 1 739 
1 348 b 2 0 740 
1 350 r 2 0 740 
1 350 g 2 0 740 
1 350 b 2 0 741 
2 348 r 2 0 741 
2 348 g 2 0 741 
2 348 b 2 1 741 
2 349 r 2 0 742 
2 349 g 2 0 742 
2 349 b 2 0 742 
2 350 r 2 0 743 
2 350 g 2 0 743 
2 350 b 2 0 743 
0 351 r 2 1 743 
0 351 g 2 0 744 
0 351 b 2 0 744 
0 352 r 2 0 744 
0 352 g 2 1 744 
0 352 b 2 0 745 
0 353 r 2 0 745 
0 353 g 2 0 745 
0 353 b 2 1 745 
1 351 r 2 0 746 
1 351 g 2 0 746 
1 351 b 2 0 746 
1 353 r 2 1 746 
1 353 g 2 0 747 
1 353 b 2 0 747 
2 351 r 2 0 747 
2 351 g 2 1 747 
2 351 b 2 0 748 
2 352 r 2 0 748 
2 352 g 2 0 748 
2 352 b 2 1 748 
2 353 r 2 0 749 
2 353 g 2 0 749 
2 353 b 2 0 749 
0 354 r 2 1 749 
0 354 g 2 0 750 
0 354 b 2 0 750 
0 355 r 2 0 750 
0 355 g 2 0 751 
0 355 b 2 0 751 
0 356 r 2 0 751 
0 356 g 2 1 751 
0 356 b 2 0 752 
1 354 r 2 0 752 
1 354 g 2 0 752 
1 354 b 2 1 752 
1 356 r 2 0 753 
1 356 g 2 0 753 
1 356 b 2 0 753 
2 354 r 2 1 753 
2 354 g 2 0 754 
2 354 b 2 0 754 
2 355 r 2 0 754 
2 355 g 2 1 754 
2 355 b 2 0 755 
2 356 r 2 0 755 
2 356 g 2 0 755 
2 356 b 2 1 755 
0 357 r 2 0 756 
0 357 g 2 0 756 
0 357 b 2 0 756 
0 358 r 2 1 756 
0 358 g 2 0 757 
0 358 b 2 0 757 
0 359 r 2 0 757 
0 359 g 2 1 757 
0 359 b 2 0 758 
1 357 r 2 0 758 
1 357 g 2 0 758 
1 357 b 2 1 758 
1 359 r 2 0 759 
1 359 g 2 0 759 
1 359 b 2 0 759 
2 357 r 2 0 760 
2 357 g 2 0 760 
2 357 b 2 0 760 
2 358 r 2 0 761 
2 358 g 2 0 761 
2 358 b 2 0 761 
2 359 r 2 1 761 
2 359 g 2 0 762 
2 359 b 2 0 762 
0 360 r 2 0 762 
0 360 g 2 1 762 
0 360 b 2 0 763 
0 361 r 2 0 763 
0 361 g 2 0 763 
0 361 b 2 1 763 
0 362 r 2 0 764 
0 362 g 2 0 764 
0 362 b 2 0 764 
1 360 r 2 1 764 
1 360 g 2 0 765 
1 360 b 2 0 765 
1 362 r 2 0 765 
1 362 g 2 1 765 
1 362 b 2 0 766 
2 360 r 2 0 766 
2 360 g 2 0 766 
2 360 b 2 0 767 
2 361 r 2 0 767 
2 361 g 2 0 767 
2 361 b 2 1 767 
2 362 r 2 0 768 
2 362 g 2 0 768 
2 362 b 2 0 768 
0 363 r 2 1 768 
0 363 g 2 0 769 
0 363 b 2 0 769 
0 364 r 2 0 769 
0 364 g 2 1 769 
0 364 b 2 0 770 
0 365 r 2 0 770 
0 365 g 2 0 770 
0 365 b 2 1 770 
1 363 r 2 0 771 
1 363 g 2 0 771 
1 363 b 2 0 771 
1 365 r 2 1 771 
1 365 g 2 0 772 
1 365 b 2 0 772 
2 363 r 2 0 772 
2 363 g 2 0 773 
2 363 b 2 0 773 
2 364 r 2 0 773 
2 364 g 2 1 773 
2 364 b 2 0 774 
2 365 r 2 0 774 
2 365 g 2 0 774 
2 365 b 2 1 774 
0 366 r 2 0 775 
0 366 g 2 0 775 
0 366 b 2 0 775 
0 367 r 2 1 775 
0 367 g 2 0 776 
0 367 b 2 0 776 
0 368 r 2 0 776 
0 368 g 2 1 776 
0 368 b 2 0 777 
1 366 r 2 0 777 
1 366 g 2 0 777 
1 366 b 2 1 777 
1 368 r 2 0 778 
1 368 g 2 0 778 
1 368 b 2 0 778 
2 366 r 2 1 778 
2 366 g 2 0 779 
2 366 b 2 0 779 
2 367 r 2 0 779 
2 367 g 2 1 779 
2 367 b 2 0 780 
2 368 r 2 0 780 
2 368 g 2 0 780 
2 368 b 2 1 780 
0 369 r 2 0 781 
0 369 g 2 0 781 
0 369 b 2 0 781 
0 370 r 2 0 782 
0 370 g 2 0 782 
0 370 b 2 0 782 
0 371 r 2 1 782 
0 371 g 2 0 783 
0 371 b 2 0 783 
1 369 r 2 0 783 
1 369 g 2 1 783 
1 369 b 2 0 784 
1 371 r 2 0 784 
1 371 g 2 0 784 
1 371 b 2 1 784 
2 369 r 2 0 785 
2 369 g 2 0 785 
2 369 b 2 0 785 
2 370 r 2 1 785 
2 370 g 2 0 786 
2 370 b 2 0 786 
2 371 r 2 0 786 
2 371 g 2 1 786 
2 371 b 2 0 787 
0 372 r 2 0 787 
0 372 g 2 0 787 
0 372 b 2 1 787 
0 373 r 2 0 788 
0 373 g 2 0 788 
0 373 b 2 0 788 
0 374 r 2 0 789 
0 374 g 2 0 789 
0 374 b 2 0 789 
1 372 r 2 0 790 
1 372 g 2 0 790 
1 372 b 2 0 790 
1 374 r 2 1 790 
1 374 g 2 0 791 
1 374 b 2 0 791 
2 372 r 2 0 791 
2 372 g 2 1 791 
2 372 b 2 0 792 
2 373 r 2 0 792 
2 373 g 2 0 792 
2 373 b 2 0 793 
2 374 r 2 0 793 
2 374 g 2 0 793 
2 374 b 2 1 793 
0 375 r 2 0 794 
0 375 g 2 0 794 
0 375 b 2 0 794 
0 376 r 2 1 794 
0 376 g 2 0 795 
0 376 b 2 0 795 
0 377 r 2 0 795 
0 377 g 2 1 795 
0 377 b 2 0 796 
1 375 r 2 0 796 
1 375 g 2 0 796 
1 375 b 2 1 796 
1 377 r 2 0 797 
1 377 g 2 0 797 
1 377 b 2 0 797 
2 375 r 2 1 797 
2 375 g 2 0 798 
2 375 b 2 0 798 
2 376 r 2 0 798 
2 376 g 2 1 798 
2 376 b 2 0 799 
2 377 r 2 0 799 
2 377 g 2 0 799 
2 377 b 2 1 799 
0 378 r 2 0 800 
0 378 g 2 0 800 
0 378 b 2 0 800 
0 379 r 2 1 800 
0 379 g 2 0 801 
0 379 b 2 0 801 
0 380 r 2 0 801 
0 380 g 2 1 801 
0 380 b 2 0 802 
1 378 r 2 0 802 
1 378 g 2 0 802 
1 378 b 2 1 802 
1 380 r 2 0 803 
1 380 g 2 0 803 
1 380 b 2 0 803 
2 378 r 2 1 803 
2 378 g 2 0 804 
2 378 b 2 0 804 
2 379 r 2 0 804 
2 379 g 2 0 805 
2 379 b 2 0 805 
2 380 r 2 0 805 
2 380 g 2 1 805 
2 380 b 2 0 806 
0 381 r 2 0 806 
0 381 g 2 0 806 
0 381 b 2 1 806 
0 382 r 2 0 807 
0 382 g 2 0 807 
0 382 b 2 0 807 
0 383 r 2 1 807 
0 383 g 2 0 808 
0 383 b 2 0 808 
1 381 r 2 0 808 
1 381 g 2 1 808 
1 381 b 2 0 809 
1 383 r 2 0 809 
1 383 g 2 0 809 
1 383 b 2 0 810 
2 381 r 2 0 810 
2 381 g 2 0 810 
2 381 b 2 1 810 
2 382 r 2 0 811 
2 382 g 2 0 811 
2 382 b 2 0 811 
2 383 r 2 1 811 
2 383 g 2 0 812 
2 383 b 2 0 812 
0 384 r 2 0 812 
0 384 g 2 1 812 
0 384 b 2 0 813 
0 385 r 2 0 813 
0 385 g 2 0 813 
0 385 b 2 0 814 
0 386 r 2 0 814 
0 386 g 2 0 814 
0 386 b 2 1 814 
1 384 r 2 0 815 
1 384 g 2 0 815 
1 384 b 2 0 815 
1 386 r 2 1 815 
1 386 g 2 0 816 
1 386 b 2 0 816 
2 384 r 2 0 816 
2 384 g 2 1 816 
2 384 b 2 0 817 
2 385 r 2 0 817 
2 385 g 2 0 817 
2 385 b 2 0 818 
2 386 r 2 0 818 
2 386 g 2 0 818 
2 386 b 2 1 818 
0 387 r 2 0 819 
0 387 g 2 0 819 
0 387 b 2 0 819 
0 388 r 2 1 819 
0 388 g 2 0 820 
0 388 b 2 0 820 
0 389 r 2 0 820 
0 389 g 2 1 820 
0 389 b 2 0 821 
1 387 r 2 0 821 
1 387 g 2 0 821 
1 387 b 2 1 821 
1 389 r 2 0 822 
1 389 g 2 0 822 
1 389 b 2 0 822 
2 387 r 2 1 822 
2 387 g 2 0 823 
2 387 b 2 0 823 
2 388 r 2 0 823 
2 388 g 2 1 823 
2 388 b 2 0 824 
2 389 r 2 0 824 
2 389 g 2 0 824 
2 389 b 2 0 825 
0 390 r 2 0 825 
0 390 g 2 0 825 
0 390 b 2 0 826 
0 391 r 2 0 826 
0 391 g 2 0 826 
0 391 b 2 1 826 
0 392 r 2 0 827 
0 392 g 2 0 827 
0 392 b 2 0 827 
1 390 r 2 1 827 
1 390 g 2 0 828 
1 390 b 2 0 828 
1 392 r 2 0 828 
1 392 g 2 1 828 
1 392 b 2 0 829 
2 390 r 2 0 829 
2 390 g 2 0 829 
2 390 b 2 1 829 
2 391 r 2 0 830 
2 391 g 2 0 830 
2 391 b 2 0 830 
2 392 r 3 2 830 
2 392 g 2 0 831 
2 392 b 2 0 831 
0 393 r 2 0 831 
0 393 g 2 1 831 
0 393 b 2 0 832 
0 394 r 2 0 832 
0 394 g 2 0 832 
0 394 b 2 0 833 
0 395 r 2 0 833 
0 395 g 2 0 833 
0 395 b 2 1 833 
1 393 r 2 0 834 
1 393 g 2 0 834 
1 393 b 2 0 834 
1 395 r 2 1 834 
1 395 g 2 0 835 
1 395 b 2 0 835 
2 393 r 2 0 835 
2 393 g 2 1 835 
2 393 b 2 0 836 
2 394 r 2 0 836 
2 394 g 2 0 836 
2 394 b 2 0 837 
2 395 r 2 0 837 
2 395 g 2 0 837 
2 395 b 2 1 837 
0 396 r 2 0 838 
0 396 g 2 0 838 
0 396 b 2 0 838 
0 397 r 2 1 838 
0 397 g 2 0 839 
0 397 b 2 0 839 
0 398 r 2 0 839 
0 398 g 2 1 839 
0 398 b 2 0 840 
1 396 r 2 0 840 
1 396 g 2 0 840 
1 396 b 2 1 840 
1 398 r 2 0 841 
1 398 g 2 0 841 
1 398 b 2 0 841 
2 396 r 2 1 841 
2 396 g 2 0 842 
2 396 b 2 0 842 
2 397 r 2 0 842 
2 397 g 2 0 843 
2 397 b 2 0 843 
2 398 r 2 0 843 
2 398 g 2 1 843 
2 398 b 2 0 844 
0 399 r 2 0 844 
0 399 g 2 0 844 
0 399 b 2 1 844 
0 400 r 2 0 845 
0 400 g 2 0 845 
0 400 b 2 0 845 
0 401 r 2 0 846 
0 401 g 2 0 846 
0 401 b 2 0 846 
1 399 r 2 1 846 
1 399 g 2 0 847 
1 399 b 2 0 847 
1 401 r 2 0 847 
1 401 g 2 1 847 
1 401 b 2 0 848 
2 399 r 2 0 848 
2 399 g 2 0 848 
2 399 b 2 1 848 
2 400 r 2 0 849 
2 400 g 2 0 849 
2 400 b 2 0 849 
2 401 r 2 1 849 
2 401 g 2 0 850 
2 401 b 2 0 850 
0 402 r 2 0 850 
0 402 g 2 1 850 
0 402 b 2 0 851 
0 403 r 2 0 851 
0 403 g 2 0 851 
0 403 b 2 0 852 
0 404 r 2 0 852 
0 404 g 2 0 852 
0 404 b 2 1 852 
1 402 r 2 0 853 
1 402 g 2 0 853 
1 402 b 2 0 853 
1 404 r 2 1 853 
1 404 g 2 0 854 
1 404 b 2 0 854 
2 402 r 2 0 854 
2 402 g 2 1 854 
2 402 b 2 0 855 
2 403 r 2 0 855 
2 403 g 2 0 855 
2 403 b 2 1 855 
2 404 r 2 0 856 
2 404 g 2 0 856 
2 404 b 2 0 856 
0 405 r 2 1 856 
0 405 g 2 0 857 
0 405 b 2 0 857 
0 406 r 2 0 857 
0 406 g 2 1 857 
0 406 b 2 0 858 
0 407 r 2 0 858 
0 407 g 2 0 858 
0 407 b 2 1 858 
1 405 r 2 0 859 
1 405 g 2 0 859 
1 405 b 2 0 859 
1 407 r 2 0 860 
1 407 g 2 0 860 
1 407 b 2 0 860 
2 405 r 2 1 860 
2 405 g 2 0 861 
2 405 b 2 0 861 
2 406 r 2 0 861 
2 406 g 2 1 861 
2 406 b 2 0 862 
2 407 r 2 0 862 
2 407 g 2 0 862 
2 407 b 2 1 862 
0 408 r 2 0 863 
0 408 g 2 0 863 
0 408 b 2 0 863 
0 409 r 2 1 863 
0 409 g 2 0 864 
0 409 b 2 0 864 
0 410 r 2 0 864 
0 410 g 2 1 864 
0 410 b 2 0 865 
1 408 r 2 0 865 
1 408 g 2 0 865 
1 408 b 2 1 865 
1 410 r 2 0 866 
1 410 g 2 0 866 
1 410 b 2 0 866 
2 408 r 2 0 867 
2 408 g 2 0 867 
2 408 b 2 0 867 
2 409 r 2 0 868 
2 409 g 2 0 868 
2 409 b 2 0 868 
2 410 r 2 1 868 
2 410 g 2 0 869 
2 410 b 2 0 869 
0 411 r 2 0 869 
0 411 g 2 1 869 
0 411 b 2 0 870 
0 412 r 2 0 870 
0 412 g 2 0 870 
0 412 b 2 1 870 
0 413 r 2 0 871 
0 413 g 2 0 871 
0 413 b 2 0 871 
1 411 r 2 1 871 
1 411 g 2 0 872 
1 411 b 2 0 872 
1 413 r 2 0 872 
1 413 g 2 1 872 
1 413 b 2 0 873 
2 411 r 2 0 873 
2 411 g 2 0 873 
2 411 b 2 1 873 
2 412 r 2 0 874 
2 412 g 2 0 874 
2 412 b 2 0 874 
2 413 r 2 0 875 
2 413 g 2 0 875 
2 413 b 2 0 875 
0 414 r 2 1 875 
0 414 g 2 0 876 
0 414 b 2 0 876 
0 415 r 2 0 876 
0 415 g 2 1 876 
0 415 b 2 0 877 
0 416 r 2 0 877 
0 416 g 2 0 877 
0 416 b 2 0 878 
1 414 r 2 0 878 
1 414 g 2 0 878 
1 414 b 2 1 878 
1 416 r 2 0 879 
1 416 g 2 0 879 
1 416 b 2 0 879 
2 414 r 2 1 879 
2 414 g 2 0 880 
2 414 b 2 0 880 
2 415 r 2 0 880 
2 415 g 2 1 880 
2 415 b 2 0 881 
2 416 r 2 0 881 
2 416 g 2 0 881 
2 416 b 2 1 881 
0 417 r 2 0 882 
0 417 g 2 0 882 
0 417 b 2 0 882 
0 418 r 2 1 882 
0 418 g 2 0 883 
0 418 b 2 0 883 
0 419 r 2 0 883 
0 419 g 2 0 884 
0 419 b 2 0 884 
1 417 r 2 0 884 
1 417 g 2 1 884 
1 417 b 2 0 885 
1 419 r 2 0 885 
1 419 g 2 0 885 
1 419 b 2 1 885 
2 417 r 2 0 886 
2 417 g 2 0 886 
2 417 b 2 0 886 
2 418 r 2 1 886 
2 418 g 2 0 887 
2 418 b 2 0 887 
2 419 r 2 0 887 
2 419 g 2 1 887 
2 419 b 2 0 888 
0 420 r 2 0 888 
0 420 g 2 0 888 
0 420 b 2 1 888 
0 421 r 2 0 889 
0 421 g 2 0 889 
0 421 b 2 0 889 
0 422 r 2 0 890 
0 422 g 2 0 890 
0 422 b 2 0 890 
1 420 r 2 0 891 
1 420 g 2 0 891 
1 420 b 2 0 891 
1 422 r 2 1 891 
1 422 g 2 0 892 
1 422 b 2 0 892 
2 420 r 2 0 892 
2 420 g 2 1 892 
2 420 b 2 0 893 
2 421 r 2 0 893 
2 421 g 2 0 893 
2 421 b 2 1 893 
2 422 r 2 0 894 
2 422 g 2 0 894 
2 422 b 2 0 894 
0 423 r 2 1 894 
0 423 g 2 0 895 
0 423 b 2 0 895 
0 424 r 2 0 895 
0 424 g 2 1 895 
0 424 b 2 0 896 
0 425 r 2 0 896 
0 425 g 2 0 896 
0 425 b 2 1 896 
1 423 r 2 0 897 
1 423 g 2 0 897 
1 423 b 2 0 897 
1 425 r 2 1 897 
1 425 g 2 0 898 
1 425 b 2 0 898 
2 423 r 2 0 898 
2 423 g 2 0 899 
2 423 b 2 0 899 
2 424 r 2 0 899 
2 424 g 2 1 899 
2 424 b 2 0 900 
2 425 r 2 0 900 
2 425 g 2 0 900 
2 425 b 2 1 900 
0 426 r 2 0 901 
0 426 g 2 0 901 
0 426 b 2 0 901 
0 427 r 2 1 901 
0 427 g 2 0 902 
0 427 b 2 0 902 
0 428 r 2 0 902 
0 428 g 2 1 902 
0 428 b 2 0 903 
1 426 r 2 0 903 
1 426 g 2 0 903 
1 426 b 2 1 903 
1 428 r 2 0 904 
1 428 g 2 0 904 
1 428 b 2 0 904 
2 426 r 2 0 905 
2 426 g 2 0 905 
2 426 b 2 0 905 
2 427 r 2 1 905 
2 427 g 2 0 906 
2 427 b 2 0 906 
2 428 r 2 0 906 
2 428 g 2 1 906 
2 428 b 2 0 907 
0 429 r 2 0 907 
0 429 g 2 0 907 
0 429 b 2 1 907 
0 430 r 2 0 908 
0 430 g 2 0 908 
0 430 b 2 0 908 
0 431 r 2 0 909 
0 431 g 2 0 909 
0 431 b 2 0 909 
1 429 r 2 0 910 
1 429 g 2 0 910 
1 429 b 2 0 910 
1 431 r 2 1 910 
1 431 g 2 0 911 
1 431 b 2 0 911 
2 429 r 2 0 911 
2 429 g 2 1 911 
2 429 b 2 0 912 
2 430 r 2 0 912 
2 430 g 2 0 912 
2 430 b 2 1 912 
2 431 r 2 0 913 
2 431 g 2 0 913 
2 431 b 2 0 913 
0 432 r 2 1 913 
0 432 g 2 0 914 
0 432 b 2 0 914 
0 433 r 2 0 914 
0 433 g 2 1 914 
0 433 b 2 0 915 
0 434 r 2 0 915 
0 434 g 2 0 915 
0 434 b 2 1 915 
1 432 r 2 0 916 
1 432 g 2 0 916 
1 432 b 2 0 916 
1 434 r 2 1 916 
1 434 g 2 0 917 
1 434 b 2 0 917 
2 432 r 2 0 917 
2 432 g 2 1 917 
2 432 b 2 0 918 
2 433 r 2 0 918 
2 433 g 2 0 918 
2 433 b 2 0 919 
2 434 r 2 0 919 
2 434 g 2 0 919 
2 434 b 2 1 919 
0 435 r 2 0 920 
0 435 g 2 0 920 
0 435 b 2 0 920 
0 436 r 2 0 921 
0 436 g 2 0 921 
0 436 b 2 0 921 
0 437 r 2 1 921 
0 437 g 2 0 922 
0 437 b 2 0 922 
1 435 r 2 0 922 
1 435 g 2 1 922 
1 435 b 2 0 923 
1 437 r 2 0 923 
1 437 g 2 0 923 
1 437 b 2 1 923 
2 435 r 2 0 924 
2 435 g 2 0 924 
2 435 b 2 0 924 
2 436 r 2 1 924 
2 436 g 2 0 925 
2 436 b 2 0 925 
2 437 r 2 0 925 
2 437 g 2 1 925 
2 437 b 2 0 926 
0 438 r 2 0 926 
0 438 g 2 0 926 
0 438 b 2 1 926 
0 439 r 2 0 927 
0 439 g 2 0 927 
0 439 b 2 0 927 
0 440 r 2 0 928 
0 440 g 2 0 928 
0 440 b 2 0 928 
1 438 r 2 1 928 
1 438 g 2 0 929 
1 438 b 2 0 929 
1 440 r 2 0 929 
1 440 g 2 1 929 
1 440 b 2 0 930 
2 438 r 2 0 930 
2 438 g 2 0 930 
2 438 b 2 0 931 
2 439 r 2 0 931 
2 439 g 2 0 931 
2 439 b 2 0 932 
2 440 r 2 0 932 
2 440 g 2 0 932 
2 440 b 2 1 932 
0 441 r 2 0 933 
0 441 g 2 0 933 
0 441 b 2 0 933 
0 442 r 2 1 933 
0 442 g 2 0 934 
0 442 b 2 0 934 
0 443 r 2 0 934 
0 443 g 2 1 934 
0 443 b 2 0 935 
1 441 r 2 0 935 
1 441 g 2 0 935 
1 441 b 2 1 935 
1 443 r 2 0 936 
1 443 g 2 0 936 
1 443 b 2 0 936 
2 441 r 2 1 936 
2 441 g 2 0 937 
2 441 b 2 0 937 
2 442 r 2 0 937 
2 442 g 2 1 937 
2 442 b 2 0 938 
2 443 r 2 0 938 
2 443 g 2 0 938 
2 443 b 2 1 938 
0 444 r 2 0 939 
0 444 g 2 0 939 
0 444 b 2 0 939 
0 445 r 2 0 940 
0 445 g 2 0 940 
0 445 b 2 0 940 
0 446 r 2 1 940 
0 446 g 2 0 941 
0 446 b 2 0 941 
1 444 r 2 0 941 
1 444 g 2 1 941 
1 444 b 2 0 942 
1 446 r 2 0 942 
1 446 g 2 0 942 
1 446 b 2 1 942 
2 444 r 2 0 943 
2 444 g 2 0 943 
2 444 b 2 0 943 
2 445 r 2 1 943 
2 445 g 2 0 944 
2 445 b 2 0 944 
2 446 r 4 1 944 
2 446 g 2 0 945 
2 446 b 2 0 945 
0 447 r 2 0 945 
0 447 g 2 1 945 
0 447 b 2 0 946 
0 448 r 2 0 946 
0 448 g 2 0 946 
0 448 b 2 0 947 
0 449 r 2 0 947 
0 449 g 2 0 947 
0 449 b 2 1 947 
1 447 r 2 0 948 
1 447 g 2 0 948 
1 447 b 2 0 948 
1 449 r 2 1 948 
1 449 g 2 0 949 
1 449 b 2 0 949 
2 447 r 2 0 949 
2 447 g 2 1 949 
2 447 b 2 0 950 
2 448 r 2 0 950 
2 448 g 2 0 950 
2 448 b 2 1 950 
2 449 r 2 0 951 
2 449 g 2 0 951 
2 449 b 2 0 951 
0 450 r 2 1 951 
0 450 g 2 0 952 
0 450 b 2 0 952 
0 451 r 2 0 952 
0 451 g 2 0 953 
0 451 b 2 0 953 
0 452 r 2 0 953 
0 452 g 2 0 954 
0 452 b 2 0 954 
1 450 r 2 0 954 
1 450 g 2 1 954 
1 450 b 2 0 955 
1 452 r 2 0 955 
1 452 g 2 0 955 
1 452 b 2 1 955 
2 450 r 2 0 956 
2 450 g 2 0 956 
2 450 b 2 0 956 
2 451 r 2 1 956 
2 451 g 2 0 957 
2 451 b 2 0 957 
2 452 r 2 0 957 
2 452 g 2 1 957 
2 452 b 2 0 958 
0 453 r 2 0 958 
0 453 g 2 0 958 
0 453 b 2 1 958 
0 454 r 2 0 959 
0 454 g 2 0 959 
0 454 b 2 0 959 
0 455 r 2 1 959 
0 455 g 2 0 960 
0 455 b 2 0 960 
1 453 r 2 0 960 
1 453 g 2 1 960 
1 453 b 2 0 961 
1 455 r 2 0 961 
1 455 g 2 0 961 
1 455 b 2 1 961 
2 453 r 2 0 962 
2 453 g 2 0 962 
2 453 b 2 0 962 
2 454 r 2 1 962 
2 454 g 2 0 963 
2 454 b 2 0 963 
2 455 r 2 0 963 
2 455 g 2 1 963 
2 455 b 2 0 964 
0 456 r 2 0 964 
0 456 g 2 0 964 
0 456 b 2 0 965 
0 457 r 2 0 965 
0 457 g 2 0 965 
0 457 b 2 1 965 
0 458 r 2 0 966 
0 458 g 2 0 966 
0 458 b 2 0 966 
1 456 r 2 1 966 
1 456 g 2 0 967 
1 456 b 2 0 967 
1 458 r 2 0 967 
1 458 g 2 1 967 
1 458 b 2 0 968 
2 456 r 2 0 968 
2 456 g 2 0 968 
2 456 b 2 1 968 
2 457 r 2 0 969 
2 457 g 2 0 969 
2 457 b 2 0 969 
2 458 r 2 1 969 
2 458 g 2 0 970 
2 458 b 2 0 970 
0 459 r 2 0 970 
0 459 g 2 0 971 
0 459 b 2 0 971 
0 460 r 2 0 971 
0 460 g 2 1 971 
0 460 b 2 0 972 
0 461 r 2 0 972 
0 461 g 2 0 972 
0 461 b 2 1 972 
1 459 r 2 0 973 
1 459 g 2 0 973 
1 459 b 2 0 973 
1 461 r 2 1 973 
1 461 g 2 0 974 
1 461 b 2 0 974 
2 459 r 2 0 974 
2 459 g 2 1 974 
2 459 b 2 0 975 
2 460 r 2 0 975 
2 460 g 2 0 975 
2 460 b 2 0 976 
2 461 r 2 0 976 
2 461 g 2 0 976 
2 461 b 2 1 976 
0 462 r 2 0 977 
0 462 g 2 0 977 
0 462 b 2 0 977 
0 463 r 2 1 977 
0 463 g 2 0 978 
0 463 b 2 0 978 
0 464 r 2 0 978 
0 464 g 2 1 978 
0 464 b 2 0 979 
1 462 r 2 0 979 
1 462 g 2 0 979 
1 462 b 2 1 979 
1 464 r 2 0 980 
1 464 g 2 0 980 
1 464 b 2 0 980 
2 462 r 2 1 980 
2 462 g 2 0 981 
2 462 b 2 0 981 
2 463 r 2 0 981 
2 463 g 2 0 982 
2 463 b 2 0 982 
2 464 r 2 0 982 
2 464 g 2 0 983 
2 464 b 2 0 983 
0 465 r 2 0 983 
0 465 g 2 1 983 
0 465 b 2 0 984 
0 466 r 2 0 984 
0 466 g 2 0 984 
0 466 b 2 1 984 
0 467 r 2 0 985 
0 467 g 2 0 985 
0 467 b 2 0 985 
1 465 r 2 1 985 
1 465 g 2 0 986 
1 465 b 2 0 986 
1 467 r 2 0 986 
1 467 g 2 1 986 
1 467 b 2 0 987 
2 465 r 2 0 987 
2 465 g 2 0 987 
2 465 b 2 0 988 
2 466 r 2 0 988 
2 466 g 2 0 988 
2 466 b 2 1 988 
2 467 r 2 0 989 
2 467 g 2 0 989 
2 467 b 2 0 989 
0 468 r 2 1 989 
0 468 g 2 0 990 
0 468 b 2 0 990 
0 469 r 2 0 990 
0 469 g 2 0 991 
0 469 b 2 0 991 
0 470 r 2 0 991 
0 470 g 2 1 991 
0 470 b 2 0 992 
1 468 r 2 0 992 
1 468 g 2 0 992 
1 468 b 2 1 992 
1 470 r 2 0 993 
1 470 g 2 0 993 
1 470 b 2 0 993 
2 468 r 2 1 993 
2 468 g 2 0 994 
2 468 b 2 0 994 
2 469 r 2 0 994 
2 469 g 2 1 994 
2 469 b 2 0 995 
2 470 r 2 0 995 
2 470 g 2 0 995 
2 470 b 2 1 995 
0 471 r 2 0 996 
0 471 g 2 0 996 
0 471 b 2 0 996 
0 472 r 2 0 997 
0 472 g 2 0 997 
0 472 b 2 0 997 
0 473 r 2 1 997 
0 473 g 2 0 998 
0 473 b 2 0 998 
1 471 r 2 0 998 
1 471 g 2 1 998 
1 471 b 2 0 999 
1 473 r 2 0 999 
1 473 g 2 0 999 
